<?xml version="1.0" encoding="UTF-8"?>
<coverage generated="1786662929472" clover="3.2.0">
  <project timestamp="1786662929472" name="All files">
    <metrics statements="254" coveredstatements="224" conditionals="166" coveredconditionals="130" methods="84" coveredmethods="66" elements="504" coveredelements="420" complexity="0" loc="254" ncloc="254" packages="9" files="24" classes="24"/>
    <package name="app">
      <metrics statements="14" coveredstatements="0" conditionals="6" coveredconditionals="0" methods="7" coveredmethods="0"/>
      <file name="+not-found.tsx" path="C:\Users\Caua Mesquita\Desktop\fieldops-project\mobile\app\+not-found.tsx">
        <metrics statements="4" coveredstatements="0" conditionals="0" coveredconditionals="0" methods="2" coveredmethods="0"/>
        <line num="7" count="0" type="stmt"/>
        <line num="9" count="0" type="stmt"/>
        <line num="14" count="0" type="stmt"/>
        <line num="20" count="0" type="stmt"/>
      </file>
      <file name="_layout.tsx" path="C:\Users\Caua Mesquita\Desktop\fieldops-project\mobile\app\_layout.tsx">
        <metrics statements="10" coveredstatements="0" conditionals="6" coveredconditionals="0" methods="5" coveredmethods="0"/>
        <line num="19" count="0" type="stmt"/>
        <line num="24" count="0" type="stmt"/>
        <line num="35" count="0" type="cond" truecount="0" falsecount="2"/>
        <line num="37" count="0" type="stmt"/>
        <line num="38" count="0" type="stmt"/>
        <line num="41" count="0" type="stmt"/>
        <line num="42" count="0" type="cond" truecount="0" falsecount="2"/>
        <line num="45" count="0" type="cond" truecount="0" falsecount="2"/>
        <line num="46" count="0" type="stmt"/>
        <line num="49" count="0" type="stmt"/>
      </file>
    </package>
    <package name="app.(protected)">
      <metrics statements="17" coveredstatements="17" conditionals="12" coveredconditionals="11" methods="3" coveredmethods="3"/>
      <file name="_layout.tsx" path="C:\Users\Caua Mesquita\Desktop\fieldops-project\mobile\app\(protected)\_layout.tsx">
        <metrics statements="8" coveredstatements="8" conditionals="8" coveredconditionals="8" methods="1" coveredmethods="1"/>
        <line num="13" count="9" type="stmt"/>
        <line num="15" count="9" type="cond" truecount="2" falsecount="0"/>
        <line num="16" count="5" type="stmt"/>
        <line num="23" count="4" type="cond" truecount="4" falsecount="0"/>
        <line num="24" count="2" type="stmt"/>
        <line num="28" count="2" type="cond" truecount="2" falsecount="0"/>
        <line num="29" count="1" type="stmt"/>
        <line num="32" count="1" type="stmt"/>
      </file>
      <file name="inicio.tsx" path="C:\Users\Caua Mesquita\Desktop\fieldops-project\mobile\app\(protected)\inicio.tsx">
        <metrics statements="9" coveredstatements="9" conditionals="4" coveredconditionals="3" methods="2" coveredmethods="2"/>
        <line num="8" count="1" type="stmt"/>
        <line num="20" count="7" type="stmt"/>
        <line num="21" count="7" type="stmt"/>
        <line num="23" count="7" type="cond" truecount="2" falsecount="0"/>
        <line num="25" count="2" type="stmt"/>
        <line num="27" count="2" type="stmt"/>
        <line num="53" count="1" type="stmt"/>
        <line num="54" count="1" type="stmt"/>
        <line num="62" count="1" type="stmt"/>
      </file>
    </package>
    <package name="app.(public)">
      <metrics statements="38" coveredstatements="37" conditionals="22" coveredconditionals="18" methods="10" coveredmethods="8"/>
      <file name="index.tsx" path="C:\Users\Caua Mesquita\Desktop\fieldops-project\mobile\app\(public)\index.tsx">
        <metrics statements="10" coveredstatements="10" conditionals="4" coveredconditionals="4" methods="3" coveredmethods="3"/>
        <line num="10" count="8" type="stmt"/>
        <line num="11" count="8" type="stmt"/>
        <line num="15" count="8" type="cond" truecount="2" falsecount="0"/>
        <line num="16" count="4" type="stmt"/>
        <line num="23" count="4" type="cond" truecount="2" falsecount="0"/>
        <line num="24" count="1" type="stmt"/>
        <line num="27" count="3" type="stmt"/>
        <line num="49" count="12" type="stmt"/>
        <line num="58" count="1" type="stmt"/>
        <line num="68" count="1" type="stmt"/>
      </file>
      <file name="login.tsx" path="C:\Users\Caua Mesquita\Desktop\fieldops-project\mobile\app\(public)\login.tsx">
        <metrics statements="28" coveredstatements="27" conditionals="18" coveredconditionals="14" methods="7" coveredmethods="5"/>
        <line num="25" count="61" type="stmt"/>
        <line num="26" count="61" type="stmt"/>
        <line num="28" count="61" type="stmt"/>
        <line num="29" count="61" type="stmt"/>
        <line num="30" count="61" type="stmt"/>
        <line num="31" count="61" type="stmt"/>
        <line num="32" count="61" type="stmt"/>
        <line num="34" count="61" type="cond" truecount="2" falsecount="0"/>
        <line num="35" count="3" type="stmt"/>
        <line num="39" count="11" type="cond" truecount="1" falsecount="1"/>
        <line num="41" count="11" type="stmt"/>
        <line num="42" count="11" type="stmt"/>
        <line num="43" count="11" type="stmt"/>
        <line num="44" count="11" type="stmt"/>
        <line num="47" count="11" type="cond" truecount="2" falsecount="0"/>
        <line num="49" count="8" type="stmt"/>
        <line num="50" count="8" type="stmt"/>
        <line num="51" count="8" type="stmt"/>
        <line num="53" count="3" type="stmt"/>
        <line num="55" count="5" type="stmt"/>
        <line num="57" count="8" type="stmt"/>
        <line num="61" count="58" type="stmt"/>
        <line num="90" count="9" type="stmt"/>
        <line num="91" count="9" type="cond" truecount="2" falsecount="0"/>
        <line num="109" count="9" type="stmt"/>
        <line num="110" count="9" type="cond" truecount="1" falsecount="1"/>
        <line num="138" count="0" type="cond" truecount="0" falsecount="2"/>
        <line num="144" count="1" type="stmt"/>
      </file>
    </package>
    <package name="src.design-system">
      <metrics statements="9" coveredstatements="9" conditionals="0" coveredconditionals="0" methods="0" coveredmethods="0"/>
      <file name="index.ts" path="C:\Users\Caua Mesquita\Desktop\fieldops-project\mobile\src\design-system\index.ts">
        <metrics statements="0" coveredstatements="0" conditionals="0" coveredconditionals="0" methods="0" coveredmethods="0"/>
      </file>
      <file name="tokens.ts" path="C:\Users\Caua Mesquita\Desktop\fieldops-project\mobile\src\design-system\tokens.ts">
        <metrics statements="9" coveredstatements="9" conditionals="0" coveredconditionals="0" methods="0" coveredmethods="0"/>
        <line num="9" count="5" type="stmt"/>
        <line num="40" count="5" type="stmt"/>
        <line num="46" count="5" type="stmt"/>
        <line num="55" count="5" type="stmt"/>
        <line num="66" count="5" type="stmt"/>
        <line num="75" count="5" type="stmt"/>
        <line num="86" count="5" type="stmt"/>
        <line num="98" count="5" type="stmt"/>
        <line num="112" count="5" type="stmt"/>
      </file>
    </package>
    <package name="src.design-system.components">
      <metrics statements="42" coveredstatements="38" conditionals="61" coveredconditionals="50" methods="17" coveredmethods="15"/>
      <file name="Brand.tsx" path="C:\Users\Caua Mesquita\Desktop\fieldops-project\mobile\src\design-system\components\Brand.tsx">
        <metrics statements="6" coveredstatements="6" conditionals="5" coveredconditionals="3" methods="4" coveredmethods="4"/>
        <line num="14" count="63" type="stmt"/>
        <line num="40" count="63" type="cond" truecount="1" falsecount="1"/>
        <line num="42" count="63" type="stmt"/>
        <line num="52" count="3" type="stmt"/>
        <line num="55" count="12" type="stmt"/>
        <line num="61" count="4" type="stmt"/>
      </file>
      <file name="Button.tsx" path="C:\Users\Caua Mesquita\Desktop\fieldops-project\mobile\src\design-system\components\Button.tsx">
        <metrics statements="6" coveredstatements="6" conditionals="16" coveredconditionals="12" methods="2" coveredmethods="2"/>
        <line num="32" count="125" type="cond" truecount="2" falsecount="0"/>
        <line num="34" count="125" type="stmt"/>
        <line num="42" count="125" type="stmt"/>
        <line num="63" count="5" type="stmt"/>
        <line num="89" count="5" type="stmt"/>
        <line num="106" count="5" type="stmt"/>
      </file>
      <file name="Feedback.tsx" path="C:\Users\Caua Mesquita\Desktop\fieldops-project\mobile\src\design-system\components\Feedback.tsx">
        <metrics statements="5" coveredstatements="5" conditionals="0" coveredconditionals="0" methods="1" coveredmethods="1"/>
        <line num="19" count="12" type="stmt"/>
        <line num="36" count="5" type="stmt"/>
        <line num="43" count="5" type="stmt"/>
        <line num="62" count="5" type="stmt"/>
        <line num="69" count="5" type="stmt"/>
      </file>
      <file name="Field.tsx" path="C:\Users\Caua Mesquita\Desktop\fieldops-project\mobile\src\design-system\components\Field.tsx">
        <metrics statements="10" coveredstatements="6" conditionals="21" coveredconditionals="18" methods="5" coveredmethods="3"/>
        <line num="17" count="122" type="stmt"/>
        <line num="18" count="122" type="stmt"/>
        <line num="20" count="122" type="cond" truecount="1" falsecount="1"/>
        <line num="22" count="122" type="stmt"/>
        <line num="39" count="0" type="stmt"/>
        <line num="40" count="0" type="stmt"/>
        <line num="43" count="0" type="stmt"/>
        <line num="44" count="0" type="stmt"/>
        <line num="55" count="3" type="stmt"/>
        <line num="73" count="5" type="stmt"/>
      </file>
      <file name="Icon.tsx" path="C:\Users\Caua Mesquita\Desktop\fieldops-project\mobile\src\design-system\components\Icon.tsx">
        <metrics statements="3" coveredstatements="3" conditionals="4" coveredconditionals="3" methods="2" coveredmethods="2"/>
        <line num="9" count="4" type="stmt"/>
        <line num="41" count="12" type="stmt"/>
        <line num="44" count="42" type="stmt"/>
      </file>
      <file name="Panel.tsx" path="C:\Users\Caua Mesquita\Desktop\fieldops-project\mobile\src\design-system\components\Panel.tsx">
        <metrics statements="4" coveredstatements="4" conditionals="3" coveredconditionals="3" methods="1" coveredmethods="1"/>
        <line num="16" count="72" type="cond" truecount="2" falsecount="0"/>
        <line num="17" count="60" type="stmt"/>
        <line num="29" count="12" type="stmt"/>
        <line num="36" count="4" type="stmt"/>
      </file>
      <file name="Screen.tsx" path="C:\Users\Caua Mesquita\Desktop\fieldops-project\mobile\src\design-system\components\Screen.tsx">
        <metrics statements="5" coveredstatements="5" conditionals="10" coveredconditionals="9" methods="1" coveredmethods="1"/>
        <line num="25" count="72" type="stmt"/>
        <line num="27" count="72" type="stmt"/>
        <line num="33" count="72" type="cond" truecount="2" falsecount="0"/>
        <line num="48" count="72" type="stmt"/>
        <line num="57" count="4" type="stmt"/>
      </file>
      <file name="Text.tsx" path="C:\Users\Caua Mesquita\Desktop\fieldops-project\mobile\src\design-system\components\Text.tsx">
        <metrics statements="3" coveredstatements="3" conditionals="2" coveredconditionals="2" methods="1" coveredmethods="1"/>
        <line num="14" count="622" type="stmt"/>
        <line num="17" count="5" type="stmt"/>
        <line num="51" count="5" type="stmt"/>
      </file>
    </package>
    <package name="src.domain">
      <metrics statements="25" coveredstatements="25" conditionals="15" coveredconditionals="14" methods="7" coveredmethods="7"/>
      <file name="auth.ts" path="C:\Users\Caua Mesquita\Desktop\fieldops-project\mobile\src\domain\auth.ts">
        <metrics statements="25" coveredstatements="25" conditionals="15" coveredconditionals="14" methods="7" coveredmethods="7"/>
        <line num="7" count="7" type="stmt"/>
        <line num="47" count="10" type="stmt"/>
        <line num="48" count="10" type="stmt"/>
        <line num="49" count="10" type="stmt"/>
        <line num="57" count="7" type="stmt"/>
        <line num="65" count="7" type="stmt"/>
        <line num="68" count="7" type="stmt"/>
        <line num="71" count="31" type="stmt"/>
        <line num="75" count="19" type="stmt"/>
        <line num="77" count="19" type="stmt"/>
        <line num="78" count="19" type="cond" truecount="2" falsecount="0"/>
        <line num="79" count="3" type="stmt"/>
        <line num="80" count="16" type="cond" truecount="2" falsecount="0"/>
        <line num="81" count="5" type="stmt"/>
        <line num="84" count="19" type="cond" truecount="2" falsecount="0"/>
        <line num="85" count="3" type="stmt"/>
        <line num="86" count="16" type="cond" truecount="2" falsecount="0"/>
        <line num="87" count="2" type="stmt"/>
        <line num="90" count="19" type="stmt"/>
        <line num="94" count="13" type="cond" truecount="2" falsecount="0"/>
        <line num="99" count="34" type="cond" truecount="2" falsecount="0"/>
        <line num="100" count="10" type="stmt"/>
        <line num="104" count="7" type="stmt"/>
        <line num="107" count="6" type="stmt"/>
        <line num="111" count="3" type="cond" truecount="1" falsecount="1"/>
      </file>
    </package>
    <package name="src.features.auth">
      <metrics statements="85" coveredstatements="80" conditionals="45" coveredconditionals="34" methods="23" coveredmethods="23"/>
      <file name="auth-service.ts" path="C:\Users\Caua Mesquita\Desktop\fieldops-project\mobile\src\features\auth\auth-service.ts">
        <metrics statements="20" coveredstatements="20" conditionals="12" coveredconditionals="11" methods="7" coveredmethods="7"/>
        <line num="30" count="6" type="stmt"/>
        <line num="58" count="6" type="stmt"/>
        <line num="61" count="6" type="stmt"/>
        <line num="62" count="6" type="stmt"/>
        <line num="66" count="19" type="cond" truecount="2" falsecount="0"/>
        <line num="67" count="19" type="cond" truecount="1" falsecount="1"/>
        <line num="71" count="14" type="stmt"/>
        <line num="75" count="8" type="stmt"/>
        <line num="78" count="6" type="stmt"/>
        <line num="80" count="13" type="stmt"/>
        <line num="82" count="13" type="cond" truecount="2" falsecount="0"/>
        <line num="83" count="2" type="stmt"/>
        <line num="86" count="11" type="stmt"/>
        <line num="87" count="19" type="stmt"/>
        <line num="91" count="11" type="cond" truecount="4" falsecount="0"/>
        <line num="92" count="5" type="stmt"/>
        <line num="96" count="6" type="cond" truecount="2" falsecount="0"/>
        <line num="97" count="2" type="stmt"/>
        <line num="100" count="4" type="stmt"/>
        <line num="114" count="1" type="stmt"/>
      </file>
      <file name="session-context.tsx" path="C:\Users\Caua Mesquita\Desktop\fieldops-project\mobile\src\features\auth\session-context.tsx">
        <metrics statements="37" coveredstatements="36" conditionals="13" coveredconditionals="9" methods="9" coveredmethods="9"/>
        <line num="26" count="5" type="stmt"/>
        <line num="35" count="73" type="stmt"/>
        <line num="36" count="73" type="stmt"/>
        <line num="38" count="73" type="stmt"/>
        <line num="39" count="33" type="stmt"/>
        <line num="41" count="33" type="stmt"/>
        <line num="42" count="33" type="stmt"/>
        <line num="43" count="31" type="cond" truecount="1" falsecount="1"/>
        <line num="47" count="31" type="cond" truecount="2" falsecount="0"/>
        <line num="48" count="6" type="stmt"/>
        <line num="49" count="6" type="stmt"/>
        <line num="51" count="25" type="cond" truecount="2" falsecount="0"/>
        <line num="52" count="25" type="stmt"/>
        <line num="53" count="25" type="stmt"/>
        <line num="57" count="33" type="stmt"/>
        <line num="58" count="33" type="stmt"/>
        <line num="62" count="73" type="stmt"/>
        <line num="64" count="12" type="stmt"/>
        <line num="65" count="6" type="stmt"/>
        <line num="66" count="6" type="stmt"/>
        <line num="67" count="6" type="stmt"/>
        <line num="72" count="73" type="stmt"/>
        <line num="73" count="3" type="stmt"/>
        <line num="74" count="3" type="stmt"/>
        <line num="75" count="3" type="stmt"/>
        <line num="76" count="3" type="stmt"/>
        <line num="78" count="3" type="cond" truecount="1" falsecount="1"/>
        <line num="80" count="3" type="stmt"/>
        <line num="81" count="3" type="stmt"/>
        <line num="88" count="73" type="stmt"/>
        <line num="89" count="73" type="stmt"/>
        <line num="93" count="73" type="stmt"/>
        <line num="97" count="108" type="stmt"/>
        <line num="98" count="108" type="cond" truecount="1" falsecount="1"/>
        <line num="99" count="0" type="stmt"/>
        <line num="101" count="108" type="stmt"/>
        <line num="106" count="6" type="cond" truecount="1" falsecount="1"/>
      </file>
      <file name="session-store.ts" path="C:\Users\Caua Mesquita\Desktop\fieldops-project\mobile\src\features\auth\session-store.ts">
        <metrics statements="28" coveredstatements="24" conditionals="20" coveredconditionals="14" methods="7" coveredmethods="7"/>
        <line num="6" count="5" type="stmt"/>
        <line num="13" count="5" type="stmt"/>
        <line num="14" count="5" type="stmt"/>
        <line num="17" count="33" type="cond" truecount="1" falsecount="3"/>
        <line num="18" count="33" type="stmt"/>
        <line num="22" count="6" type="cond" truecount="1" falsecount="1"/>
        <line num="23" count="0" type="stmt"/>
        <line num="24" count="0" type="stmt"/>
        <line num="26" count="6" type="stmt"/>
        <line num="30" count="6" type="cond" truecount="1" falsecount="1"/>
        <line num="31" count="0" type="stmt"/>
        <line num="32" count="0" type="stmt"/>
        <line num="34" count="6" type="stmt"/>
        <line num="39" count="9" type="stmt"/>
        <line num="40" count="9" type="stmt"/>
        <line num="41" count="8" type="cond" truecount="1" falsecount="1"/>
        <line num="49" count="8" type="stmt"/>
        <line num="54" count="1" type="stmt"/>
        <line num="57" count="5" type="stmt"/>
        <line num="59" count="33" type="stmt"/>
        <line num="60" count="31" type="cond" truecount="2" falsecount="0"/>
        <line num="62" count="9" type="stmt"/>
        <line num="63" count="9" type="cond" truecount="2" falsecount="0"/>
        <line num="64" count="1" type="stmt"/>
        <line num="65" count="1" type="stmt"/>
        <line num="67" count="8" type="stmt"/>
        <line num="71" count="6" type="stmt"/>
        <line num="76" count="5" type="stmt"/>
      </file>
    </package>
    <package name="src.features.onboarding">
      <metrics statements="3" coveredstatements="3" conditionals="0" coveredconditionals="0" methods="1" coveredmethods="1"/>
      <file name="HighlightCard.tsx" path="C:\Users\Caua Mesquita\Desktop\fieldops-project\mobile\src\features\onboarding\HighlightCard.tsx">
        <metrics statements="2" coveredstatements="2" conditionals="0" coveredconditionals="0" methods="1" coveredmethods="1"/>
        <line num="7" count="12" type="stmt"/>
        <line num="24" count="1" type="stmt"/>
      </file>
      <file name="highlights.ts" path="C:\Users\Caua Mesquita\Desktop\fieldops-project\mobile\src\features\onboarding\highlights.ts">
        <metrics statements="1" coveredstatements="1" conditionals="0" coveredconditionals="0" methods="0" coveredmethods="0"/>
        <line num="15" count="1" type="stmt"/>
      </file>
    </package>
    <package name="src.test-utils">
      <metrics statements="21" coveredstatements="15" conditionals="5" coveredconditionals="3" methods="16" coveredmethods="9"/>
      <file name="expo-router-mock.tsx" path="C:\Users\Caua Mesquita\Desktop\fieldops-project\mobile\src\test-utils\expo-router-mock.tsx">
        <metrics statements="14" coveredstatements="8" conditionals="2" coveredconditionals="0" methods="12" coveredmethods="5"/>
        <line num="12" count="4" type="stmt"/>
        <line num="18" count="0" type="stmt"/>
        <line num="23" count="133" type="stmt"/>
        <line num="24" count="19" type="stmt"/>
        <line num="27" count="4" type="stmt"/>
        <line num="30" count="69" type="stmt"/>
        <line num="34" count="0" type="stmt"/>
        <line num="38" count="0" type="stmt"/>
        <line num="42" count="0" type="stmt"/>
        <line num="49" count="7" type="stmt"/>
        <line num="57" count="1" type="stmt"/>
        <line num="60" count="4" type="stmt"/>
        <line num="61" count="0" type="stmt"/>
        <line num="65" count="0" type="cond" truecount="0" falsecount="2"/>
      </file>
      <file name="render.tsx" path="C:\Users\Caua Mesquita\Desktop\fieldops-project\mobile\src\test-utils\render.tsx">
        <metrics statements="7" coveredstatements="7" conditionals="3" coveredconditionals="3" methods="4" coveredmethods="4"/>
        <line num="11" count="4" type="stmt"/>
        <line num="16" count="4" type="stmt"/>
        <line num="19" count="7" type="stmt"/>
        <line num="35" count="6" type="stmt"/>
        <line num="36" count="6" type="stmt"/>
        <line num="48" count="24" type="stmt"/>
        <line num="50" count="24" type="stmt"/>
      </file>
    </package>
  </project>
</coverage>
