{"C:\\Users\\Caua Mesquita\\Desktop\\fieldops-project\\mobile\\app\\+not-found.tsx": {"path":"C:\\Users\\Caua Mesquita\\Desktop\\fieldops-project\\mobile\\app\\+not-found.tsx","statementMap":{"0":{"start":{"line":7,"column":17},"end":{"line":7,"column":28}},"1":{"start":{"line":9,"column":2},"end":{"line":17,"column":4}},"2":{"start":{"line":14,"column":56},"end":{"line":14,"column":75}},"3":{"start":{"line":20,"column":15},"end":{"line":24,"column":2}}},"fnMap":{"0":{"name":"NotFoundScreen","decl":{"start":{"line":6,"column":24},"end":{"line":6,"column":38}},"loc":{"start":{"line":6,"column":41},"end":{"line":18,"column":1}},"line":6},"1":{"name":"(anonymous_1)","decl":{"start":{"line":14,"column":50},"end":{"line":14,"column":51}},"loc":{"start":{"line":14,"column":56},"end":{"line":14,"column":75}},"line":14}},"branchMap":{},"s":{"0":0,"1":0,"2":0,"3":0},"f":{"0":0,"1":0},"b":{}}
,"C:\\Users\\Caua Mesquita\\Desktop\\fieldops-project\\mobile\\app\\_layout.tsx": {"path":"C:\\Users\\Caua Mesquita\\Desktop\\fieldops-project\\mobile\\app\\_layout.tsx","statementMap":{"0":{"start":{"line":19,"column":0},"end":{"line":21,"column":3}},"1":{"start":{"line":24,"column":35},"end":{"line":31,"column":4}},"2":{"start":{"line":35,"column":16},"end":{"line":35,"column":42}},"3":{"start":{"line":37,"column":21},"end":{"line":39,"column":8}},"4":{"start":{"line":38,"column":4},"end":{"line":38,"column":51}},"5":{"start":{"line":41,"column":2},"end":{"line":43,"column":26}},"6":{"start":{"line":42,"column":4},"end":{"line":42,"column":33}},"7":{"start":{"line":42,"column":15},"end":{"line":42,"column":33}},"8":{"start":{"line":45,"column":2},"end":{"line":47,"column":3}},"9":{"start":{"line":46,"column":4},"end":{"line":46,"column":76}},"10":{"start":{"line":49,"column":2},"end":{"line":62,"column":4}}},"fnMap":{"0":{"name":"(anonymous_0)","decl":{"start":{"line":19,"column":42},"end":{"line":19,"column":43}},"loc":{"start":{"line":19,"column":48},"end":{"line":21,"column":1}},"line":19},"1":{"name":"RootLayout","decl":{"start":{"line":23,"column":24},"end":{"line":23,"column":34}},"loc":{"start":{"line":23,"column":37},"end":{"line":63,"column":1}},"line":23},"2":{"name":"(anonymous_2)","decl":{"start":{"line":37,"column":33},"end":{"line":37,"column":34}},"loc":{"start":{"line":37,"column":45},"end":{"line":39,"column":3}},"line":37},"3":{"name":"(anonymous_3)","decl":{"start":{"line":38,"column":41},"end":{"line":38,"column":42}},"loc":{"start":{"line":38,"column":47},"end":{"line":38,"column":49}},"line":38},"4":{"name":"(anonymous_4)","decl":{"start":{"line":41,"column":12},"end":{"line":41,"column":13}},"loc":{"start":{"line":41,"column":18},"end":{"line":43,"column":3}},"line":41}},"branchMap":{"0":{"loc":{"start":{"line":35,"column":16},"end":{"line":35,"column":42}},"type":"binary-expr","locations":[{"start":{"line":35,"column":16},"end":{"line":35,"column":27}},{"start":{"line":35,"column":31},"end":{"line":35,"column":42}}],"line":35},"1":{"loc":{"start":{"line":42,"column":4},"end":{"line":42,"column":33}},"type":"if","locations":[{"start":{"line":42,"column":4},"end":{"line":42,"column":33}},{"start":{},"end":{}}],"line":42},"2":{"loc":{"start":{"line":45,"column":2},"end":{"line":47,"column":3}},"type":"if","locations":[{"start":{"line":45,"column":2},"end":{"line":47,"column":3}},{"start":{},"end":{}}],"line":45}},"s":{"0":0,"1":0,"2":0,"3":0,"4":0,"5":0,"6":0,"7":0,"8":0,"9":0,"10":0},"f":{"0":0,"1":0,"2":0,"3":0,"4":0},"b":{"0":[0,0],"1":[0,0],"2":[0,0]}}
,"C:\\Users\\Caua Mesquita\\Desktop\\fieldops-project\\mobile\\app\\(protected)\\_layout.tsx": {"path":"C:\\Users\\Caua Mesquita\\Desktop\\fieldops-project\\mobile\\app\\(protected)\\_layout.tsx","statementMap":{"0":{"start":{"line":13,"column":30},"end":{"line":13,"column":42}},"1":{"start":{"line":15,"column":2},"end":{"line":21,"column":3}},"2":{"start":{"line":16,"column":4},"end":{"line":20,"column":6}},"3":{"start":{"line":23,"column":2},"end":{"line":25,"column":3}},"4":{"start":{"line":24,"column":4},"end":{"line":24,"column":38}},"5":{"start":{"line":28,"column":2},"end":{"line":30,"column":3}},"6":{"start":{"line":29,"column":4},"end":{"line":29,"column":38}},"7":{"start":{"line":32,"column":2},"end":{"line":39,"column":4}}},"fnMap":{"0":{"name":"ProtectedLayout","decl":{"start":{"line":12,"column":24},"end":{"line":12,"column":39}},"loc":{"start":{"line":12,"column":42},"end":{"line":40,"column":1}},"line":12}},"branchMap":{"0":{"loc":{"start":{"line":15,"column":2},"end":{"line":21,"column":3}},"type":"if","locations":[{"start":{"line":15,"column":2},"end":{"line":21,"column":3}},{"start":{},"end":{}}],"line":15},"1":{"loc":{"start":{"line":23,"column":2},"end":{"line":25,"column":3}},"type":"if","locations":[{"start":{"line":23,"column":2},"end":{"line":25,"column":3}},{"start":{},"end":{}}],"line":23},"2":{"loc":{"start":{"line":23,"column":6},"end":{"line":23,"column":40}},"type":"binary-expr","locations":[{"start":{"line":23,"column":6},"end":{"line":23,"column":28}},{"start":{"line":23,"column":32},"end":{"line":23,"column":40}}],"line":23},"3":{"loc":{"start":{"line":28,"column":2},"end":{"line":30,"column":3}},"type":"if","locations":[{"start":{"line":28,"column":2},"end":{"line":30,"column":3}},{"start":{},"end":{}}],"line":28}},"s":{"0":9,"1":9,"2":5,"3":4,"4":2,"5":2,"6":1,"7":1},"f":{"0":9},"b":{"0":[5,4],"1":[2,2],"2":[4,2],"3":[1,1]},"_coverageSchema":"1a1c01bbd47fc00a2c39e90264f33305004495a9","hash":"ac859fea5bbb342f60feb36860f69d3392fb3796"}
,"C:\\Users\\Caua Mesquita\\Desktop\\fieldops-project\\mobile\\app\\(protected)\\inicio.tsx": {"path":"C:\\Users\\Caua Mesquita\\Desktop\\fieldops-project\\mobile\\app\\(protected)\\inicio.tsx","statementMap":{"0":{"start":{"line":8,"column":44},"end":{"line":13,"column":1}},"1":{"start":{"line":20,"column":31},"end":{"line":20,"column":43}},"2":{"start":{"line":21,"column":38},"end":{"line":21,"column":53}},"3":{"start":{"line":23,"column":2},"end":{"line":23,"column":28}},"4":{"start":{"line":23,"column":16},"end":{"line":23,"column":28}},"5":{"start":{"line":25,"column":19},"end":{"line":25,"column":26}},"6":{"start":{"line":27,"column":2},"end":{"line":59,"column":4}},"7":{"start":{"line":53,"column":10},"end":{"line":53,"column":30}},"8":{"start":{"line":54,"column":10},"end":{"line":54,"column":26}},"9":{"start":{"line":62,"column":15},"end":{"line":75,"column":2}}},"fnMap":{"0":{"name":"InicioScreen","decl":{"start":{"line":19,"column":24},"end":{"line":19,"column":36}},"loc":{"start":{"line":19,"column":39},"end":{"line":60,"column":1}},"line":19},"1":{"name":"(anonymous_1)","decl":{"start":{"line":52,"column":17},"end":{"line":52,"column":18}},"loc":{"start":{"line":52,"column":29},"end":{"line":55,"column":9}},"line":52}},"branchMap":{"0":{"loc":{"start":{"line":23,"column":2},"end":{"line":23,"column":28}},"type":"if","locations":[{"start":{"line":23,"column":2},"end":{"line":23,"column":28}},{"start":{},"end":{}}],"line":23},"1":{"loc":{"start":{"line":33,"column":28},"end":{"line":33,"column":63}},"type":"binary-expr","locations":[{"start":{"line":33,"column":28},"end":{"line":33,"column":50}},{"start":{"line":33,"column":54},"end":{"line":33,"column":63}}],"line":33}},"s":{"0":1,"1":7,"2":7,"3":7,"4":5,"5":2,"6":2,"7":1,"8":1,"9":1},"f":{"0":7,"1":1},"b":{"0":[5,2],"1":[2,0]},"_coverageSchema":"1a1c01bbd47fc00a2c39e90264f33305004495a9","hash":"742d4a165d11ea2060a179d6b5a2c3ef38923b26"}
,"C:\\Users\\Caua Mesquita\\Desktop\\fieldops-project\\mobile\\app\\(public)\\index.tsx": {"path":"C:\\Users\\Caua Mesquita\\Desktop\\fieldops-project\\mobile\\app\\(public)\\index.tsx","statementMap":{"0":{"start":{"line":10,"column":17},"end":{"line":10,"column":28}},"1":{"start":{"line":11,"column":21},"end":{"line":11,"column":33}},"2":{"start":{"line":15,"column":2},"end":{"line":21,"column":3}},"3":{"start":{"line":16,"column":4},"end":{"line":20,"column":6}},"4":{"start":{"line":23,"column":2},"end":{"line":25,"column":3}},"5":{"start":{"line":24,"column":4},"end":{"line":24,"column":39}},"6":{"start":{"line":27,"column":2},"end":{"line":65,"column":4}},"7":{"start":{"line":49,"column":10},"end":{"line":49,"column":68}},"8":{"start":{"line":58,"column":25},"end":{"line":58,"column":46}},"9":{"start":{"line":68,"column":15},"end":{"line":88,"column":2}}},"fnMap":{"0":{"name":"LandingScreen","decl":{"start":{"line":9,"column":24},"end":{"line":9,"column":37}},"loc":{"start":{"line":9,"column":40},"end":{"line":66,"column":1}},"line":9},"1":{"name":"(anonymous_1)","decl":{"start":{"line":48,"column":24},"end":{"line":48,"column":25}},"loc":{"start":{"line":49,"column":10},"end":{"line":49,"column":68}},"line":49},"2":{"name":"(anonymous_2)","decl":{"start":{"line":58,"column":19},"end":{"line":58,"column":20}},"loc":{"start":{"line":58,"column":25},"end":{"line":58,"column":46}},"line":58}},"branchMap":{"0":{"loc":{"start":{"line":15,"column":2},"end":{"line":21,"column":3}},"type":"if","locations":[{"start":{"line":15,"column":2},"end":{"line":21,"column":3}},{"start":{},"end":{}}],"line":15},"1":{"loc":{"start":{"line":23,"column":2},"end":{"line":25,"column":3}},"type":"if","locations":[{"start":{"line":23,"column":2},"end":{"line":25,"column":3}},{"start":{},"end":{}}],"line":23}},"s":{"0":8,"1":8,"2":8,"3":4,"4":4,"5":1,"6":3,"7":12,"8":1,"9":1},"f":{"0":8,"1":12,"2":1},"b":{"0":[4,4],"1":[1,3]},"_coverageSchema":"1a1c01bbd47fc00a2c39e90264f33305004495a9","hash":"68fa6223400f467566ab6266da50001393dde19b"}
,"C:\\Users\\Caua Mesquita\\Desktop\\fieldops-project\\mobile\\app\\(public)\\login.tsx": {"path":"C:\\Users\\Caua Mesquita\\Desktop\\fieldops-project\\mobile\\app\\(public)\\login.tsx","statementMap":{"0":{"start":{"line":25,"column":17},"end":{"line":25,"column":28}},"1":{"start":{"line":26,"column":29},"end":{"line":26,"column":41}},"2":{"start":{"line":28,"column":28},"end":{"line":28,"column":40}},"3":{"start":{"line":29,"column":34},"end":{"line":29,"column":46}},"4":{"start":{"line":30,"column":40},"end":{"line":30,"column":70}},"5":{"start":{"line":31,"column":32},"end":{"line":31,"column":70}},"6":{"start":{"line":32,"column":38},"end":{"line":32,"column":53}},"7":{"start":{"line":34,"column":2},"end":{"line":36,"column":3}},"8":{"start":{"line":35,"column":4},"end":{"line":35,"column":39}},"9":{"start":{"line":39,"column":4},"end":{"line":39,"column":27}},"10":{"start":{"line":39,"column":20},"end":{"line":39,"column":27}},"11":{"start":{"line":41,"column":24},"end":{"line":41,"column":43}},"12":{"start":{"line":42,"column":19},"end":{"line":42,"column":51}},"13":{"start":{"line":43,"column":4},"end":{"line":43,"column":27}},"14":{"start":{"line":44,"column":4},"end":{"line":44,"column":21}},"15":{"start":{"line":47,"column":4},"end":{"line":47,"column":44}},"16":{"start":{"line":47,"column":37},"end":{"line":47,"column":44}},"17":{"start":{"line":49,"column":4},"end":{"line":49,"column":24}},"18":{"start":{"line":50,"column":4},"end":{"line":58,"column":5}},"19":{"start":{"line":51,"column":6},"end":{"line":51,"column":32}},"20":{"start":{"line":53,"column":6},"end":{"line":53,"column":32}},"21":{"start":{"line":55,"column":6},"end":{"line":55,"column":43}},"22":{"start":{"line":57,"column":6},"end":{"line":57,"column":27}},"23":{"start":{"line":61,"column":2},"end":{"line":141,"column":4}},"24":{"start":{"line":90,"column":14},"end":{"line":90,"column":30}},"25":{"start":{"line":91,"column":14},"end":{"line":91,"column":95}},"26":{"start":{"line":91,"column":37},"end":{"line":91,"column":95}},"27":{"start":{"line":91,"column":63},"end":{"line":91,"column":92}},"28":{"start":{"line":109,"column":14},"end":{"line":109,"column":33}},"29":{"start":{"line":110,"column":14},"end":{"line":110,"column":101}},"30":{"start":{"line":110,"column":40},"end":{"line":110,"column":101}},"31":{"start":{"line":110,"column":66},"end":{"line":110,"column":98}},"32":{"start":{"line":138,"column":24},"end":{"line":138,"column":80}},"33":{"start":{"line":144,"column":15},"end":{"line":163,"column":2}}},"fnMap":{"0":{"name":"LoginScreen","decl":{"start":{"line":24,"column":24},"end":{"line":24,"column":35}},"loc":{"start":{"line":24,"column":38},"end":{"line":142,"column":1}},"line":24},"1":{"name":"handleSubmit","decl":{"start":{"line":38,"column":17},"end":{"line":38,"column":29}},"loc":{"start":{"line":38,"column":32},"end":{"line":59,"column":3}},"line":38},"2":{"name":"(anonymous_2)","decl":{"start":{"line":89,"column":26},"end":{"line":89,"column":27}},"loc":{"start":{"line":89,"column":37},"end":{"line":92,"column":13}},"line":89},"3":{"name":"(anonymous_3)","decl":{"start":{"line":91,"column":52},"end":{"line":91,"column":53}},"loc":{"start":{"line":91,"column":63},"end":{"line":91,"column":92}},"line":91},"4":{"name":"(anonymous_4)","decl":{"start":{"line":108,"column":26},"end":{"line":108,"column":27}},"loc":{"start":{"line":108,"column":37},"end":{"line":111,"column":13}},"line":108},"5":{"name":"(anonymous_5)","decl":{"start":{"line":110,"column":55},"end":{"line":110,"column":56}},"loc":{"start":{"line":110,"column":66},"end":{"line":110,"column":98}},"line":110},"6":{"name":"(anonymous_6)","decl":{"start":{"line":138,"column":17},"end":{"line":138,"column":18}},"loc":{"start":{"line":138,"column":24},"end":{"line":138,"column":80}},"line":138}},"branchMap":{"0":{"loc":{"start":{"line":34,"column":2},"end":{"line":36,"column":3}},"type":"if","locations":[{"start":{"line":34,"column":2},"end":{"line":36,"column":3}},{"start":{},"end":{}}],"line":34},"1":{"loc":{"start":{"line":39,"column":4},"end":{"line":39,"column":27}},"type":"if","locations":[{"start":{"line":39,"column":4},"end":{"line":39,"column":27}},{"start":{},"end":{}}],"line":39},"2":{"loc":{"start":{"line":47,"column":4},"end":{"line":47,"column":44}},"type":"if","locations":[{"start":{"line":47,"column":4},"end":{"line":47,"column":44}},{"start":{},"end":{}}],"line":47},"3":{"loc":{"start":{"line":75,"column":9},"end":{"line":81,"column":16}},"type":"cond-expr","locations":[{"start":{"line":76,"column":10},"end":{"line":80,"column":12}},{"start":{"line":81,"column":12},"end":{"line":81,"column":16}}],"line":75},"4":{"loc":{"start":{"line":78,"column":18},"end":{"line":78,"column":73}},"type":"cond-expr","locations":[{"start":{"line":78,"column":54},"end":{"line":78,"column":63}},{"start":{"line":78,"column":66},"end":{"line":78,"column":73}}],"line":78},"5":{"loc":{"start":{"line":91,"column":14},"end":{"line":91,"column":95}},"type":"if","locations":[{"start":{"line":91,"column":14},"end":{"line":91,"column":95}},{"start":{},"end":{}}],"line":91},"6":{"loc":{"start":{"line":110,"column":14},"end":{"line":110,"column":101}},"type":"if","locations":[{"start":{"line":110,"column":14},"end":{"line":110,"column":101}},{"start":{},"end":{}}],"line":110},"7":{"loc":{"start":{"line":124,"column":17},"end":{"line":124,"column":52}},"type":"cond-expr","locations":[{"start":{"line":124,"column":30},"end":{"line":124,"column":41}},{"start":{"line":124,"column":44},"end":{"line":124,"column":52}}],"line":124},"8":{"loc":{"start":{"line":138,"column":24},"end":{"line":138,"column":80}},"type":"cond-expr","locations":[{"start":{"line":138,"column":45},"end":{"line":138,"column":58}},{"start":{"line":138,"column":61},"end":{"line":138,"column":80}}],"line":138}},"s":{"0":61,"1":61,"2":61,"3":61,"4":61,"5":61,"6":61,"7":61,"8":3,"9":11,"10":0,"11":11,"12":11,"13":11,"14":11,"15":11,"16":3,"17":8,"18":8,"19":8,"20":3,"21":5,"22":8,"23":58,"24":9,"25":9,"26":1,"27":1,"28":9,"29":9,"30":0,"31":0,"32":0,"33":1},"f":{"0":61,"1":11,"2":9,"3":1,"4":9,"5":0,"6":0},"b":{"0":[3,58],"1":[0,11],"2":[3,8],"3":[6,52],"4":[1,5],"5":[1,8],"6":[0,9],"7":[8,50],"8":[0,0]},"_coverageSchema":"1a1c01bbd47fc00a2c39e90264f33305004495a9","hash":"fd3b8d8f5483044fd942239d3bc2951d12e91f2d"}
,"C:\\Users\\Caua Mesquita\\Desktop\\fieldops-project\\mobile\\src\\design-system\\index.ts": {"path":"C:\\Users\\Caua Mesquita\\Desktop\\fieldops-project\\mobile\\src\\design-system\\index.ts","statementMap":{},"fnMap":{},"branchMap":{},"s":{},"f":{},"b":{},"_coverageSchema":"1a1c01bbd47fc00a2c39e90264f33305004495a9","hash":"f0a47037a1d3c0eacd617b19c61ca4a62f779545"}
,"C:\\Users\\Caua Mesquita\\Desktop\\fieldops-project\\mobile\\src\\design-system\\tokens.ts": {"path":"C:\\Users\\Caua Mesquita\\Desktop\\fieldops-project\\mobile\\src\\design-system\\tokens.ts","statementMap":{"0":{"start":{"line":9,"column":22},"end":{"line":37,"column":10}},"1":{"start":{"line":40,"column":25},"end":{"line":43,"column":1}},"2":{"start":{"line":46,"column":21},"end":{"line":52,"column":10}},"3":{"start":{"line":55,"column":23},"end":{"line":64,"column":10}},"4":{"start":{"line":66,"column":21},"end":{"line":73,"column":10}},"5":{"start":{"line":75,"column":21},"end":{"line":84,"column":10}},"6":{"start":{"line":86,"column":25},"end":{"line":96,"column":10}},"7":{"start":{"line":98,"column":23},"end":{"line":106,"column":10}},"8":{"start":{"line":112,"column":27},"end":{"line":112,"column":29}}},"fnMap":{},"branchMap":{},"s":{"0":5,"1":5,"2":5,"3":5,"4":5,"5":5,"6":5,"7":5,"8":5},"f":{},"b":{},"_coverageSchema":"1a1c01bbd47fc00a2c39e90264f33305004495a9","hash":"063438ad19e28caf811ad00ab1e43ac8d364e6e8"}
,"C:\\Users\\Caua Mesquita\\Desktop\\fieldops-project\\mobile\\src\\design-system\\components\\Brand.tsx": {"path":"C:\\Users\\Caua Mesquita\\Desktop\\fieldops-project\\mobile\\src\\design-system\\components\\Brand.tsx","statementMap":{"0":{"start":{"line":14,"column":2},"end":{"line":36,"column":4}},"1":{"start":{"line":40,"column":19},"end":{"line":40,"column":42}},"2":{"start":{"line":42,"column":2},"end":{"line":47,"column":4}},"3":{"start":{"line":52,"column":2},"end":{"line":58,"column":4}},"4":{"start":{"line":55,"column":8},"end":{"line":55,"column":82}},"5":{"start":{"line":61,"column":15},"end":{"line":87,"column":2}}},"fnMap":{"0":{"name":"HardHat","decl":{"start":{"line":13,"column":9},"end":{"line":13,"column":16}},"loc":{"start":{"line":13,"column":45},"end":{"line":37,"column":1}},"line":13},"1":{"name":"Brand","decl":{"start":{"line":39,"column":16},"end":{"line":39,"column":21}},"loc":{"start":{"line":39,"column":59},"end":{"line":48,"column":1}},"line":39},"2":{"name":"BrandSlashes","decl":{"start":{"line":51,"column":16},"end":{"line":51,"column":28}},"loc":{"start":{"line":51,"column":62},"end":{"line":59,"column":1}},"line":51},"3":{"name":"(anonymous_3)","decl":{"start":{"line":54,"column":24},"end":{"line":54,"column":25}},"loc":{"start":{"line":55,"column":8},"end":{"line":55,"column":82}},"line":55}},"branchMap":{"0":{"loc":{"start":{"line":39,"column":24},"end":{"line":39,"column":35}},"type":"default-arg","locations":[{"start":{"line":39,"column":31},"end":{"line":39,"column":35}}],"line":39},"1":{"loc":{"start":{"line":40,"column":19},"end":{"line":40,"column":42}},"type":"cond-expr","locations":[{"start":{"line":40,"column":35},"end":{"line":40,"column":37}},{"start":{"line":40,"column":40},"end":{"line":40,"column":42}}],"line":40},"2":{"loc":{"start":{"line":45,"column":33},"end":{"line":45,"column":66}},"type":"binary-expr","locations":[{"start":{"line":45,"column":33},"end":{"line":45,"column":46}},{"start":{"line":45,"column":50},"end":{"line":45,"column":66}}],"line":45}},"s":{"0":63,"1":63,"2":63,"3":3,"4":12,"5":4},"f":{"0":63,"1":63,"2":3,"3":12},"b":{"0":[63],"1":[0,63],"2":[63,0]},"_coverageSchema":"1a1c01bbd47fc00a2c39e90264f33305004495a9","hash":"4db8127400570dc27d7f2d16f6ad9e8803a34a3c"}
,"C:\\Users\\Caua Mesquita\\Desktop\\fieldops-project\\mobile\\src\\design-system\\components\\Button.tsx": {"path":"C:\\Users\\Caua Mesquita\\Desktop\\fieldops-project\\mobile\\src\\design-system\\components\\Button.tsx","statementMap":{"0":{"start":{"line":32,"column":21},"end":{"line":32,"column":40}},"1":{"start":{"line":34,"column":2},"end":{"line":60,"column":4}},"2":{"start":{"line":42,"column":30},"end":{"line":48,"column":7}},"3":{"start":{"line":63,"column":15},"end":{"line":87,"column":2}},"4":{"start":{"line":89,"column":22},"end":{"line":104,"column":2}},"5":{"start":{"line":106,"column":20},"end":{"line":111,"column":2}}},"fnMap":{"0":{"name":"Button","decl":{"start":{"line":20,"column":16},"end":{"line":20,"column":22}},"loc":{"start":{"line":29,"column":16},"end":{"line":61,"column":1}},"line":29},"1":{"name":"(anonymous_1)","decl":{"start":{"line":42,"column":13},"end":{"line":42,"column":14}},"loc":{"start":{"line":42,"column":30},"end":{"line":48,"column":7}},"line":42}},"branchMap":{"0":{"loc":{"start":{"line":23,"column":2},"end":{"line":23,"column":21}},"type":"default-arg","locations":[{"start":{"line":23,"column":12},"end":{"line":23,"column":21}}],"line":23},"1":{"loc":{"start":{"line":24,"column":2},"end":{"line":24,"column":17}},"type":"default-arg","locations":[{"start":{"line":24,"column":12},"end":{"line":24,"column":17}}],"line":24},"2":{"loc":{"start":{"line":25,"column":2},"end":{"line":25,"column":18}},"type":"default-arg","locations":[{"start":{"line":25,"column":13},"end":{"line":25,"column":18}}],"line":25},"3":{"loc":{"start":{"line":32,"column":21},"end":{"line":32,"column":40}},"type":"binary-expr","locations":[{"start":{"line":32,"column":21},"end":{"line":32,"column":29}},{"start":{"line":32,"column":33},"end":{"line":32,"column":40}}],"line":32},"4":{"loc":{"start":{"line":45,"column":8},"end":{"line":45,"column":48}},"type":"binary-expr","locations":[{"start":{"line":45,"column":8},"end":{"line":45,"column":15}},{"start":{"line":45,"column":19},"end":{"line":45,"column":30}},{"start":{"line":45,"column":34},"end":{"line":45,"column":48}}],"line":45},"5":{"loc":{"start":{"line":46,"column":8},"end":{"line":46,"column":37}},"type":"binary-expr","locations":[{"start":{"line":46,"column":8},"end":{"line":46,"column":18}},{"start":{"line":46,"column":22},"end":{"line":46,"column":37}}],"line":46},"6":{"loc":{"start":{"line":50,"column":9},"end":{"line":56,"column":16}},"type":"cond-expr","locations":[{"start":{"line":51,"column":10},"end":{"line":55,"column":12}},{"start":{"line":56,"column":12},"end":{"line":56,"column":16}}],"line":50},"7":{"loc":{"start":{"line":52,"column":20},"end":{"line":52,"column":60}},"type":"cond-expr","locations":[{"start":{"line":52,"column":29},"end":{"line":52,"column":48}},{"start":{"line":52,"column":51},"end":{"line":52,"column":60}}],"line":52},"8":{"loc":{"start":{"line":54,"column":19},"end":{"line":54,"column":87}},"type":"cond-expr","locations":[{"start":{"line":54,"column":43},"end":{"line":54,"column":67}},{"start":{"line":54,"column":70},"end":{"line":54,"column":87}}],"line":54}},"s":{"0":125,"1":125,"2":125,"3":5,"4":5,"5":5},"f":{"0":125,"1":125},"b":{"0":[65],"1":[64],"2":[124],"3":[125,124],"4":[125,0,0],"5":[125,10],"6":[9,116],"7":[9,0],"8":[9,0]},"_coverageSchema":"1a1c01bbd47fc00a2c39e90264f33305004495a9","hash":"cd859f3fd036c6f63b47d59c58fc4477824e738f"}
,"C:\\Users\\Caua Mesquita\\Desktop\\fieldops-project\\mobile\\src\\design-system\\components\\Feedback.tsx": {"path":"C:\\Users\\Caua Mesquita\\Desktop\\fieldops-project\\mobile\\src\\design-system\\components\\Feedback.tsx","statementMap":{"0":{"start":{"line":19,"column":2},"end":{"line":33,"column":4}},"1":{"start":{"line":36,"column":37},"end":{"line":41,"column":1}},"2":{"start":{"line":43,"column":15},"end":{"line":60,"column":2}},"3":{"start":{"line":62,"column":19},"end":{"line":67,"column":2}},"4":{"start":{"line":69,"column":18},"end":{"line":74,"column":2}}},"fnMap":{"0":{"name":"Feedback","decl":{"start":{"line":18,"column":16},"end":{"line":18,"column":24}},"loc":{"start":{"line":18,"column":67},"end":{"line":34,"column":1}},"line":18}},"branchMap":{},"s":{"0":12,"1":5,"2":5,"3":5,"4":5},"f":{"0":12},"b":{},"_coverageSchema":"1a1c01bbd47fc00a2c39e90264f33305004495a9","hash":"dc5474b47d13f4f2d2dc7065f9eb68e249fbd5f5"}
,"C:\\Users\\Caua Mesquita\\Desktop\\fieldops-project\\mobile\\src\\design-system\\components\\Field.tsx": {"path":"C:\\Users\\Caua Mesquita\\Desktop\\fieldops-project\\mobile\\src\\design-system\\components\\Field.tsx","statementMap":{"0":{"start":{"line":17,"column":32},"end":{"line":17,"column":47}},"1":{"start":{"line":18,"column":34},"end":{"line":18,"column":49}},"2":{"start":{"line":20,"column":18},"end":{"line":20,"column":56}},"3":{"start":{"line":22,"column":2},"end":{"line":70,"column":4}},"4":{"start":{"line":39,"column":12},"end":{"line":39,"column":29}},"5":{"start":{"line":40,"column":12},"end":{"line":40,"column":40}},"6":{"start":{"line":43,"column":12},"end":{"line":43,"column":30}},"7":{"start":{"line":44,"column":12},"end":{"line":44,"column":39}},"8":{"start":{"line":55,"column":27},"end":{"line":55,"column":57}},"9":{"start":{"line":55,"column":50},"end":{"line":55,"column":56}},"10":{"start":{"line":73,"column":15},"end":{"line":109,"column":2}}},"fnMap":{"0":{"name":"Field","decl":{"start":{"line":16,"column":16},"end":{"line":16,"column":21}},"loc":{"start":{"line":16,"column":91},"end":{"line":71,"column":1}},"line":16},"1":{"name":"(anonymous_1)","decl":{"start":{"line":38,"column":19},"end":{"line":38,"column":20}},"loc":{"start":{"line":38,"column":30},"end":{"line":41,"column":11}},"line":38},"2":{"name":"(anonymous_2)","decl":{"start":{"line":42,"column":18},"end":{"line":42,"column":19}},"loc":{"start":{"line":42,"column":29},"end":{"line":45,"column":11}},"line":42},"3":{"name":"(anonymous_3)","decl":{"start":{"line":55,"column":21},"end":{"line":55,"column":22}},"loc":{"start":{"line":55,"column":27},"end":{"line":55,"column":57}},"line":55},"4":{"name":"(anonymous_4)","decl":{"start":{"line":55,"column":39},"end":{"line":55,"column":40}},"loc":{"start":{"line":55,"column":50},"end":{"line":55,"column":56}},"line":55}},"branchMap":{"0":{"loc":{"start":{"line":16,"column":38},"end":{"line":16,"column":52}},"type":"default-arg","locations":[{"start":{"line":16,"column":47},"end":{"line":16,"column":52}}],"line":16},"1":{"loc":{"start":{"line":20,"column":18},"end":{"line":20,"column":56}},"type":"cond-expr","locations":[{"start":{"line":20,"column":27},"end":{"line":20,"column":44}},{"start":{"line":20,"column":47},"end":{"line":20,"column":56}}],"line":20},"2":{"loc":{"start":{"line":28,"column":41},"end":{"line":28,"column":66}},"type":"binary-expr","locations":[{"start":{"line":28,"column":41},"end":{"line":28,"column":48}},{"start":{"line":28,"column":52},"end":{"line":28,"column":66}}],"line":28},"3":{"loc":{"start":{"line":28,"column":68},"end":{"line":28,"column":93}},"type":"binary-expr","locations":[{"start":{"line":28,"column":68},"end":{"line":28,"column":75}},{"start":{"line":28,"column":79},"end":{"line":28,"column":93}}],"line":28},"4":{"loc":{"start":{"line":35,"column":29},"end":{"line":35,"column":66}},"type":"binary-expr","locations":[{"start":{"line":35,"column":29},"end":{"line":35,"column":34}},{"start":{"line":35,"column":38},"end":{"line":35,"column":66}}],"line":35},"5":{"loc":{"start":{"line":36,"column":27},"end":{"line":36,"column":46}},"type":"binary-expr","locations":[{"start":{"line":36,"column":27},"end":{"line":36,"column":33}},{"start":{"line":36,"column":37},"end":{"line":36,"column":46}}],"line":36},"6":{"loc":{"start":{"line":49,"column":9},"end":{"line":61,"column":16}},"type":"cond-expr","locations":[{"start":{"line":50,"column":10},"end":{"line":60,"column":22}},{"start":{"line":61,"column":12},"end":{"line":61,"column":16}}],"line":49},"7":{"loc":{"start":{"line":51,"column":20},"end":{"line":51,"column":59}},"type":"cond-expr","locations":[{"start":{"line":51,"column":29},"end":{"line":51,"column":47}},{"start":{"line":51,"column":50},"end":{"line":51,"column":59}}],"line":51},"8":{"loc":{"start":{"line":53,"column":32},"end":{"line":53,"column":75}},"type":"cond-expr","locations":[{"start":{"line":53,"column":43},"end":{"line":53,"column":58}},{"start":{"line":53,"column":61},"end":{"line":53,"column":75}}],"line":53},"9":{"loc":{"start":{"line":58,"column":15},"end":{"line":58,"column":46}},"type":"cond-expr","locations":[{"start":{"line":58,"column":26},"end":{"line":58,"column":35}},{"start":{"line":58,"column":38},"end":{"line":58,"column":46}}],"line":58},"10":{"loc":{"start":{"line":64,"column":7},"end":{"line":68,"column":14}},"type":"cond-expr","locations":[{"start":{"line":65,"column":8},"end":{"line":67,"column":15}},{"start":{"line":68,"column":10},"end":{"line":68,"column":14}}],"line":64}},"s":{"0":122,"1":122,"2":122,"3":122,"4":0,"5":0,"6":0,"7":0,"8":3,"9":3,"10":5},"f":{"0":122,"1":0,"2":0,"3":3,"4":3},"b":{"0":[60],"1":[122,0],"2":[122,0],"3":[122,8],"4":[122,114],"5":[122,62],"6":[62,60],"7":[62,0],"8":[2,60],"9":[2,60],"10":[8,114]},"_coverageSchema":"1a1c01bbd47fc00a2c39e90264f33305004495a9","hash":"cf3881511b1b9cf29074ab566022f238b1891ec8"}
,"C:\\Users\\Caua Mesquita\\Desktop\\fieldops-project\\mobile\\src\\design-system\\components\\Icon.tsx": {"path":"C:\\Users\\Caua Mesquita\\Desktop\\fieldops-project\\mobile\\src\\design-system\\components\\Icon.tsx","statementMap":{"0":{"start":{"line":9,"column":26},"end":{"line":29,"column":10}},"1":{"start":{"line":41,"column":2},"end":{"line":57,"column":4}},"2":{"start":{"line":44,"column":8},"end":{"line":51,"column":10}}},"fnMap":{"0":{"name":"Icon","decl":{"start":{"line":40,"column":16},"end":{"line":40,"column":20}},"loc":{"start":{"line":40,"column":85},"end":{"line":58,"column":1}},"line":40},"1":{"name":"(anonymous_1)","decl":{"start":{"line":43,"column":28},"end":{"line":43,"column":29}},"loc":{"start":{"line":44,"column":8},"end":{"line":51,"column":10}},"line":44}},"branchMap":{"0":{"loc":{"start":{"line":40,"column":29},"end":{"line":40,"column":38}},"type":"default-arg","locations":[{"start":{"line":40,"column":36},"end":{"line":40,"column":38}}],"line":40},"1":{"loc":{"start":{"line":40,"column":40},"end":{"line":40,"column":62}},"type":"default-arg","locations":[{"start":{"line":40,"column":48},"end":{"line":40,"column":62}}],"line":40},"2":{"loc":{"start":{"line":53,"column":7},"end":{"line":55,"column":14}},"type":"cond-expr","locations":[{"start":{"line":54,"column":8},"end":{"line":54,"column":75}},{"start":{"line":55,"column":10},"end":{"line":55,"column":14}}],"line":53}},"s":{"0":4,"1":12,"2":42},"f":{"0":12,"1":42},"b":{"0":[0],"1":[12],"2":[3,9]},"_coverageSchema":"1a1c01bbd47fc00a2c39e90264f33305004495a9","hash":"1d8ddaec4144254f45adb61eac72f2cd85c3ccb6"}
,"C:\\Users\\Caua Mesquita\\Desktop\\fieldops-project\\mobile\\src\\design-system\\components\\Panel.tsx": {"path":"C:\\Users\\Caua Mesquita\\Desktop\\fieldops-project\\mobile\\src\\design-system\\components\\Panel.tsx","statementMap":{"0":{"start":{"line":16,"column":2},"end":{"line":27,"column":3}},"1":{"start":{"line":17,"column":4},"end":{"line":26,"column":6}},"2":{"start":{"line":29,"column":2},"end":{"line":33,"column":4}},"3":{"start":{"line":36,"column":15},"end":{"line":51,"column":2}}},"fnMap":{"0":{"name":"Panel","decl":{"start":{"line":15,"column":16},"end":{"line":15,"column":21}},"loc":{"start":{"line":15,"column":78},"end":{"line":34,"column":1}},"line":15}},"branchMap":{"0":{"loc":{"start":{"line":15,"column":34},"end":{"line":15,"column":47}},"type":"default-arg","locations":[{"start":{"line":15,"column":41},"end":{"line":15,"column":47}}],"line":15},"1":{"loc":{"start":{"line":16,"column":2},"end":{"line":27,"column":3}},"type":"if","locations":[{"start":{"line":16,"column":2},"end":{"line":27,"column":3}},{"start":{},"end":{}}],"line":16}},"s":{"0":72,"1":60,"2":12,"3":4},"f":{"0":72},"b":{"0":[12],"1":[60,12]},"_coverageSchema":"1a1c01bbd47fc00a2c39e90264f33305004495a9","hash":"a73ab4574aba740088e360b264ce5d76014b5924"}
,"C:\\Users\\Caua Mesquita\\Desktop\\fieldops-project\\mobile\\src\\design-system\\components\\Screen.tsx": {"path":"C:\\Users\\Caua Mesquita\\Desktop\\fieldops-project\\mobile\\src\\design-system\\components\\Screen.tsx","statementMap":{"0":{"start":{"line":25,"column":17},"end":{"line":25,"column":36}},"1":{"start":{"line":27,"column":29},"end":{"line":31,"column":3}},"2":{"start":{"line":33,"column":18},"end":{"line":46,"column":3}},"3":{"start":{"line":48,"column":2},"end":{"line":54,"column":4}},"4":{"start":{"line":57,"column":15},"end":{"line":71,"column":2}}},"fnMap":{"0":{"name":"Screen","decl":{"start":{"line":24,"column":16},"end":{"line":24,"column":22}},"loc":{"start":{"line":24,"column":103},"end":{"line":55,"column":1}},"line":24}},"branchMap":{"0":{"loc":{"start":{"line":24,"column":35},"end":{"line":24,"column":48}},"type":"default-arg","locations":[{"start":{"line":24,"column":44},"end":{"line":24,"column":48}}],"line":24},"1":{"loc":{"start":{"line":24,"column":50},"end":{"line":24,"column":64}},"type":"default-arg","locations":[{"start":{"line":24,"column":59},"end":{"line":24,"column":64}}],"line":24},"2":{"loc":{"start":{"line":33,"column":18},"end":{"line":46,"column":3}},"type":"cond-expr","locations":[{"start":{"line":34,"column":4},"end":{"line":41,"column":17}},{"start":{"line":43,"column":4},"end":{"line":45,"column":11}}],"line":33},"3":{"loc":{"start":{"line":37,"column":46},"end":{"line":37,"column":71}},"type":"binary-expr","locations":[{"start":{"line":37,"column":46},"end":{"line":37,"column":52}},{"start":{"line":37,"column":56},"end":{"line":37,"column":71}}],"line":37},"4":{"loc":{"start":{"line":43,"column":47},"end":{"line":43,"column":72}},"type":"binary-expr","locations":[{"start":{"line":43,"column":47},"end":{"line":43,"column":53}},{"start":{"line":43,"column":57},"end":{"line":43,"column":72}}],"line":43},"5":{"loc":{"start":{"line":51,"column":16},"end":{"line":51,"column":61}},"type":"cond-expr","locations":[{"start":{"line":51,"column":40},"end":{"line":51,"column":49}},{"start":{"line":51,"column":52},"end":{"line":51,"column":61}}],"line":51}},"s":{"0":72,"1":72,"2":72,"3":72,"4":4},"f":{"0":72},"b":{"0":[63],"1":[5],"2":[63,9],"3":[63,58],"4":[9,9],"5":[72,0]},"_coverageSchema":"1a1c01bbd47fc00a2c39e90264f33305004495a9","hash":"0c7e95efb5a4bc40f4e2a2663f250ac0dfca76c7"}
,"C:\\Users\\Caua Mesquita\\Desktop\\fieldops-project\\mobile\\src\\design-system\\components\\Text.tsx": {"path":"C:\\Users\\Caua Mesquita\\Desktop\\fieldops-project\\mobile\\src\\design-system\\components\\Text.tsx","statementMap":{"0":{"start":{"line":14,"column":2},"end":{"line":14,"column":81}},"1":{"start":{"line":17,"column":15},"end":{"line":49,"column":2}},"2":{"start":{"line":51,"column":19},"end":{"line":57,"column":2}}},"fnMap":{"0":{"name":"Text","decl":{"start":{"line":13,"column":16},"end":{"line":13,"column":20}},"loc":{"start":{"line":13,"column":88},"end":{"line":15,"column":1}},"line":13}},"branchMap":{"0":{"loc":{"start":{"line":13,"column":23},"end":{"line":13,"column":39}},"type":"default-arg","locations":[{"start":{"line":13,"column":33},"end":{"line":13,"column":39}}],"line":13},"1":{"loc":{"start":{"line":13,"column":41},"end":{"line":13,"column":57}},"type":"default-arg","locations":[{"start":{"line":13,"column":48},"end":{"line":13,"column":57}}],"line":13}},"s":{"0":622,"1":5,"2":5},"f":{"0":622},"b":{"0":[193],"1":[411]},"_coverageSchema":"1a1c01bbd47fc00a2c39e90264f33305004495a9","hash":"1402b07420eb8dc6692f768c4aa4b005435ea9c1"}
,"C:\\Users\\Caua Mesquita\\Desktop\\fieldops-project\\mobile\\src\\domain\\auth.ts": {"path":"C:\\Users\\Caua Mesquita\\Desktop\\fieldops-project\\mobile\\src\\domain\\auth.ts","statementMap":{"0":{"start":{"line":7,"column":26},"end":{"line":7,"column":89}},"1":{"start":{"line":47,"column":4},"end":{"line":47,"column":37}},"2":{"start":{"line":48,"column":4},"end":{"line":48,"column":28}},"3":{"start":{"line":49,"column":4},"end":{"line":49,"column":21}},"4":{"start":{"line":57,"column":68},"end":{"line":63,"column":1}},"5":{"start":{"line":65,"column":22},"end":{"line":65,"column":53}},"6":{"start":{"line":68,"column":35},"end":{"line":68,"column":36}},"7":{"start":{"line":71,"column":2},"end":{"line":71,"column":36}},"8":{"start":{"line":75,"column":35},"end":{"line":75,"column":37}},"9":{"start":{"line":77,"column":26},"end":{"line":77,"column":47}},"10":{"start":{"line":78,"column":2},"end":{"line":82,"column":3}},"11":{"start":{"line":79,"column":4},"end":{"line":79,"column":41}},"12":{"start":{"line":80,"column":9},"end":{"line":82,"column":3}},"13":{"start":{"line":81,"column":4},"end":{"line":81,"column":47}},"14":{"start":{"line":84,"column":2},"end":{"line":88,"column":3}},"15":{"start":{"line":85,"column":4},"end":{"line":85,"column":43}},"16":{"start":{"line":86,"column":9},"end":{"line":88,"column":3}},"17":{"start":{"line":87,"column":4},"end":{"line":87,"column":87}},"18":{"start":{"line":90,"column":2},"end":{"line":90,"column":16}},"19":{"start":{"line":94,"column":2},"end":{"line":94,"column":50}},"20":{"start":{"line":99,"column":2},"end":{"line":99,"column":29}},"21":{"start":{"line":99,"column":16},"end":{"line":99,"column":29}},"22":{"start":{"line":100,"column":2},"end":{"line":100,"column":33}},"23":{"start":{"line":104,"column":45},"end":{"line":104,"column":82}},"24":{"start":{"line":107,"column":2},"end":{"line":107,"column":40}},"25":{"start":{"line":111,"column":2},"end":{"line":111,"column":55}}},"fnMap":{"0":{"name":"(anonymous_0)","decl":{"start":{"line":46,"column":2},"end":{"line":46,"column":3}},"loc":{"start":{"line":46,"column":37},"end":{"line":50,"column":3}},"line":46},"1":{"name":"normalizeEmail","decl":{"start":{"line":70,"column":16},"end":{"line":70,"column":30}},"loc":{"start":{"line":70,"column":54},"end":{"line":72,"column":1}},"line":70},"2":{"name":"validateCredentials","decl":{"start":{"line":74,"column":16},"end":{"line":74,"column":35}},"loc":{"start":{"line":74,"column":88},"end":{"line":91,"column":1}},"line":74},"3":{"name":"hasCredentialErrors","decl":{"start":{"line":93,"column":16},"end":{"line":93,"column":35}},"loc":{"start":{"line":93,"column":71},"end":{"line":95,"column":1}},"line":93},"4":{"name":"isSessionValid","decl":{"start":{"line":98,"column":16},"end":{"line":98,"column":30}},"loc":{"start":{"line":98,"column":91},"end":{"line":101,"column":1}},"line":98},"5":{"name":"canUseFieldApp","decl":{"start":{"line":106,"column":16},"end":{"line":106,"column":30}},"loc":{"start":{"line":106,"column":56},"end":{"line":108,"column":1}},"line":106},"6":{"name":"firstName","decl":{"start":{"line":110,"column":16},"end":{"line":110,"column":25}},"loc":{"start":{"line":110,"column":59},"end":{"line":112,"column":1}},"line":110}},"branchMap":{"0":{"loc":{"start":{"line":78,"column":2},"end":{"line":82,"column":3}},"type":"if","locations":[{"start":{"line":78,"column":2},"end":{"line":82,"column":3}},{"start":{"line":80,"column":9},"end":{"line":82,"column":3}}],"line":78},"1":{"loc":{"start":{"line":80,"column":9},"end":{"line":82,"column":3}},"type":"if","locations":[{"start":{"line":80,"column":9},"end":{"line":82,"column":3}},{"start":{},"end":{}}],"line":80},"2":{"loc":{"start":{"line":84,"column":2},"end":{"line":88,"column":3}},"type":"if","locations":[{"start":{"line":84,"column":2},"end":{"line":88,"column":3}},{"start":{"line":86,"column":9},"end":{"line":88,"column":3}}],"line":84},"3":{"loc":{"start":{"line":86,"column":9},"end":{"line":88,"column":3}},"type":"if","locations":[{"start":{"line":86,"column":9},"end":{"line":88,"column":3}},{"start":{},"end":{}}],"line":86},"4":{"loc":{"start":{"line":94,"column":17},"end":{"line":94,"column":48}},"type":"binary-expr","locations":[{"start":{"line":94,"column":17},"end":{"line":94,"column":29}},{"start":{"line":94,"column":33},"end":{"line":94,"column":48}}],"line":94},"5":{"loc":{"start":{"line":98,"column":56},"end":{"line":98,"column":80}},"type":"default-arg","locations":[{"start":{"line":98,"column":70},"end":{"line":98,"column":80}}],"line":98},"6":{"loc":{"start":{"line":99,"column":2},"end":{"line":99,"column":29}},"type":"if","locations":[{"start":{"line":99,"column":2},"end":{"line":99,"column":29}},{"start":{},"end":{}}],"line":99},"7":{"loc":{"start":{"line":111,"column":9},"end":{"line":111,"column":54}},"type":"binary-expr","locations":[{"start":{"line":111,"column":9},"end":{"line":111,"column":41}},{"start":{"line":111,"column":45},"end":{"line":111,"column":54}}],"line":111}},"s":{"0":7,"1":10,"2":10,"3":10,"4":7,"5":7,"6":7,"7":31,"8":19,"9":19,"10":19,"11":3,"12":16,"13":5,"14":19,"15":3,"16":16,"17":2,"18":19,"19":13,"20":34,"21":24,"22":10,"23":7,"24":6,"25":3},"f":{"0":10,"1":31,"2":19,"3":13,"4":34,"5":6,"6":3},"b":{"0":[3,16],"1":[5,11],"2":[3,16],"3":[2,14],"4":[13,9],"5":[32],"6":[24,10],"7":[3,0]},"_coverageSchema":"1a1c01bbd47fc00a2c39e90264f33305004495a9","hash":"742b39f32d49f2f090632d2a122dee6e151b3c83"}
,"C:\\Users\\Caua Mesquita\\Desktop\\fieldops-project\\mobile\\src\\features\\auth\\auth-service.ts": {"path":"C:\\Users\\Caua Mesquita\\Desktop\\fieldops-project\\mobile\\src\\features\\auth\\auth-service.ts","statementMap":{"0":{"start":{"line":30,"column":53},"end":{"line":55,"column":1}},"1":{"start":{"line":58,"column":33},"end":{"line":58,"column":36}},"2":{"start":{"line":61,"column":25},"end":{"line":61,"column":28}},"3":{"start":{"line":62,"column":23},"end":{"line":62,"column":27}},"4":{"start":{"line":66,"column":2},"end":{"line":66,"column":78}},"5":{"start":{"line":66,"column":39},"end":{"line":66,"column":78}},"6":{"start":{"line":67,"column":2},"end":{"line":67,"column":70}},"7":{"start":{"line":67,"column":36},"end":{"line":67,"column":70}},"8":{"start":{"line":71,"column":2},"end":{"line":71,"column":59}},"9":{"start":{"line":71,"column":34},"end":{"line":71,"column":57}},"10":{"start":{"line":75,"column":2},"end":{"line":75,"column":61}},"11":{"start":{"line":78,"column":44},"end":{"line":116,"column":1}},"12":{"start":{"line":80,"column":4},"end":{"line":80,"column":36}},"13":{"start":{"line":82,"column":4},"end":{"line":84,"column":5}},"14":{"start":{"line":83,"column":6},"end":{"line":83,"column":49}},"15":{"start":{"line":86,"column":23},"end":{"line":86,"column":44}},"16":{"start":{"line":87,"column":20},"end":{"line":87,"column":85}},"17":{"start":{"line":87,"column":54},"end":{"line":87,"column":84}},"18":{"start":{"line":91,"column":4},"end":{"line":93,"column":5}},"19":{"start":{"line":92,"column":6},"end":{"line":92,"column":49}},"20":{"start":{"line":96,"column":4},"end":{"line":98,"column":5}},"21":{"start":{"line":97,"column":6},"end":{"line":97,"column":43}},"22":{"start":{"line":100,"column":4},"end":{"line":110,"column":6}},"23":{"start":{"line":114,"column":4},"end":{"line":114,"column":51}}},"fnMap":{"0":{"name":"configureMockAuth","decl":{"start":{"line":65,"column":16},"end":{"line":65,"column":33}},"loc":{"start":{"line":65,"column":91},"end":{"line":68,"column":1}},"line":65},"1":{"name":"delay","decl":{"start":{"line":70,"column":9},"end":{"line":70,"column":14}},"loc":{"start":{"line":70,"column":42},"end":{"line":72,"column":1}},"line":70},"2":{"name":"(anonymous_2)","decl":{"start":{"line":71,"column":21},"end":{"line":71,"column":22}},"loc":{"start":{"line":71,"column":34},"end":{"line":71,"column":57}},"line":71},"3":{"name":"issueToken","decl":{"start":{"line":74,"column":9},"end":{"line":74,"column":19}},"loc":{"start":{"line":74,"column":63},"end":{"line":76,"column":1}},"line":74},"4":{"name":"(anonymous_4)","decl":{"start":{"line":79,"column":2},"end":{"line":79,"column":3}},"loc":{"start":{"line":79,"column":67},"end":{"line":111,"column":3}},"line":79},"5":{"name":"(anonymous_5)","decl":{"start":{"line":87,"column":39},"end":{"line":87,"column":40}},"loc":{"start":{"line":87,"column":54},"end":{"line":87,"column":84}},"line":87},"6":{"name":"(anonymous_6)","decl":{"start":{"line":113,"column":2},"end":{"line":113,"column":3}},"loc":{"start":{"line":113,"column":33},"end":{"line":115,"column":3}},"line":113}},"branchMap":{"0":{"loc":{"start":{"line":66,"column":2},"end":{"line":66,"column":78}},"type":"if","locations":[{"start":{"line":66,"column":2},"end":{"line":66,"column":78}},{"start":{},"end":{}}],"line":66},"1":{"loc":{"start":{"line":67,"column":2},"end":{"line":67,"column":70}},"type":"if","locations":[{"start":{"line":67,"column":2},"end":{"line":67,"column":70}},{"start":{},"end":{}}],"line":67},"2":{"loc":{"start":{"line":82,"column":4},"end":{"line":84,"column":5}},"type":"if","locations":[{"start":{"line":82,"column":4},"end":{"line":84,"column":5}},{"start":{},"end":{}}],"line":82},"3":{"loc":{"start":{"line":91,"column":4},"end":{"line":93,"column":5}},"type":"if","locations":[{"start":{"line":91,"column":4},"end":{"line":93,"column":5}},{"start":{},"end":{}}],"line":91},"4":{"loc":{"start":{"line":91,"column":8},"end":{"line":91,"column":49}},"type":"binary-expr","locations":[{"start":{"line":91,"column":8},"end":{"line":91,"column":16}},{"start":{"line":91,"column":20},"end":{"line":91,"column":49}}],"line":91},"5":{"loc":{"start":{"line":96,"column":4},"end":{"line":98,"column":5}},"type":"if","locations":[{"start":{"line":96,"column":4},"end":{"line":98,"column":5}},{"start":{},"end":{}}],"line":96}},"s":{"0":6,"1":6,"2":6,"3":6,"4":19,"5":17,"6":19,"7":19,"8":14,"9":14,"10":8,"11":6,"12":13,"13":13,"14":2,"15":11,"16":11,"17":19,"18":11,"19":5,"20":6,"21":2,"22":4,"23":1},"f":{"0":19,"1":14,"2":14,"3":8,"4":13,"5":19,"6":1},"b":{"0":[17,2],"1":[19,0],"2":[2,11],"3":[5,6],"4":[11,9],"5":[2,4]},"_coverageSchema":"1a1c01bbd47fc00a2c39e90264f33305004495a9","hash":"035ffa495b9636f5a6a78b148318828ac5a081d1"}
,"C:\\Users\\Caua Mesquita\\Desktop\\fieldops-project\\mobile\\src\\features\\auth\\session-context.tsx": {"path":"C:\\Users\\Caua Mesquita\\Desktop\\fieldops-project\\mobile\\src\\features\\auth\\session-context.tsx","statementMap":{"0":{"start":{"line":26,"column":23},"end":{"line":26,"column":70}},"1":{"start":{"line":35,"column":30},"end":{"line":35,"column":64}},"2":{"start":{"line":36,"column":32},"end":{"line":36,"column":62}},"3":{"start":{"line":38,"column":2},"end":{"line":60,"column":9}},"4":{"start":{"line":39,"column":17},"end":{"line":39,"column":21}},"5":{"start":{"line":41,"column":4},"end":{"line":55,"column":9}},"6":{"start":{"line":42,"column":21},"end":{"line":42,"column":46}},"7":{"start":{"line":43,"column":6},"end":{"line":43,"column":26}},"8":{"start":{"line":43,"column":19},"end":{"line":43,"column":26}},"9":{"start":{"line":47,"column":6},"end":{"line":54,"column":7}},"10":{"start":{"line":48,"column":8},"end":{"line":48,"column":27}},"11":{"start":{"line":49,"column":8},"end":{"line":49,"column":30}},"12":{"start":{"line":51,"column":8},"end":{"line":51,"column":47}},"13":{"start":{"line":51,"column":20},"end":{"line":51,"column":47}},"14":{"start":{"line":52,"column":8},"end":{"line":52,"column":25}},"15":{"start":{"line":53,"column":8},"end":{"line":53,"column":31}},"16":{"start":{"line":57,"column":4},"end":{"line":59,"column":6}},"17":{"start":{"line":58,"column":6},"end":{"line":58,"column":21}},"18":{"start":{"line":62,"column":17},"end":{"line":70,"column":3}},"19":{"start":{"line":64,"column":22},"end":{"line":64,"column":59}},"20":{"start":{"line":65,"column":6},"end":{"line":65,"column":39}},"21":{"start":{"line":66,"column":6},"end":{"line":66,"column":26}},"22":{"start":{"line":67,"column":6},"end":{"line":67,"column":28}},"23":{"start":{"line":72,"column":18},"end":{"line":86,"column":28}},"24":{"start":{"line":73,"column":20},"end":{"line":73,"column":27}},"25":{"start":{"line":74,"column":4},"end":{"line":74,"column":21}},"26":{"start":{"line":75,"column":4},"end":{"line":75,"column":27}},"27":{"start":{"line":76,"column":4},"end":{"line":76,"column":31}},"28":{"start":{"line":78,"column":4},"end":{"line":85,"column":5}},"29":{"start":{"line":80,"column":6},"end":{"line":84,"column":7}},"30":{"start":{"line":81,"column":8},"end":{"line":81,"column":43}},"31":{"start":{"line":88,"column":16},"end":{"line":91,"column":3}},"32":{"start":{"line":89,"column":11},"end":{"line":89,"column":47}},"33":{"start":{"line":93,"column":2},"end":{"line":93,"column":85}},"34":{"start":{"line":97,"column":18},"end":{"line":97,"column":44}},"35":{"start":{"line":98,"column":2},"end":{"line":100,"column":3}},"36":{"start":{"line":99,"column":4},"end":{"line":99,"column":77}},"37":{"start":{"line":101,"column":2},"end":{"line":101,"column":17}},"38":{"start":{"line":106,"column":2},"end":{"line":106,"column":64}}},"fnMap":{"0":{"name":"SessionProvider","decl":{"start":{"line":34,"column":16},"end":{"line":34,"column":31}},"loc":{"start":{"line":34,"column":99},"end":{"line":94,"column":1}},"line":34},"1":{"name":"(anonymous_1)","decl":{"start":{"line":38,"column":12},"end":{"line":38,"column":13}},"loc":{"start":{"line":38,"column":18},"end":{"line":60,"column":3}},"line":38},"2":{"name":"(anonymous_2)","decl":{"start":{"line":41,"column":5},"end":{"line":41,"column":6}},"loc":{"start":{"line":41,"column":17},"end":{"line":55,"column":5}},"line":41},"3":{"name":"(anonymous_3)","decl":{"start":{"line":57,"column":11},"end":{"line":57,"column":12}},"loc":{"start":{"line":57,"column":17},"end":{"line":59,"column":5}},"line":57},"4":{"name":"(anonymous_4)","decl":{"start":{"line":63,"column":4},"end":{"line":63,"column":5}},"loc":{"start":{"line":63,"column":40},"end":{"line":68,"column":5}},"line":63},"5":{"name":"(anonymous_5)","decl":{"start":{"line":72,"column":30},"end":{"line":72,"column":31}},"loc":{"start":{"line":72,"column":42},"end":{"line":86,"column":3}},"line":72},"6":{"name":"(anonymous_6)","decl":{"start":{"line":89,"column":4},"end":{"line":89,"column":5}},"loc":{"start":{"line":89,"column":11},"end":{"line":89,"column":47}},"line":89},"7":{"name":"useSession","decl":{"start":{"line":96,"column":16},"end":{"line":96,"column":26}},"loc":{"start":{"line":96,"column":50},"end":{"line":102,"column":1}},"line":96},"8":{"name":"toAuthFailureCode","decl":{"start":{"line":105,"column":16},"end":{"line":105,"column":33}},"loc":{"start":{"line":105,"column":67},"end":{"line":107,"column":1}},"line":105}},"branchMap":{"0":{"loc":{"start":{"line":34,"column":44},"end":{"line":34,"column":73}},"type":"default-arg","locations":[{"start":{"line":34,"column":58},"end":{"line":34,"column":73}}],"line":34},"1":{"loc":{"start":{"line":43,"column":6},"end":{"line":43,"column":26}},"type":"if","locations":[{"start":{"line":43,"column":6},"end":{"line":43,"column":26}},{"start":{},"end":{}}],"line":43},"2":{"loc":{"start":{"line":47,"column":6},"end":{"line":54,"column":7}},"type":"if","locations":[{"start":{"line":47,"column":6},"end":{"line":54,"column":7}},{"start":{"line":50,"column":13},"end":{"line":54,"column":7}}],"line":47},"3":{"loc":{"start":{"line":51,"column":8},"end":{"line":51,"column":47}},"type":"if","locations":[{"start":{"line":51,"column":8},"end":{"line":51,"column":47}},{"start":{},"end":{}}],"line":51},"4":{"loc":{"start":{"line":78,"column":4},"end":{"line":85,"column":5}},"type":"if","locations":[{"start":{"line":78,"column":4},"end":{"line":85,"column":5}},{"start":{},"end":{}}],"line":78},"5":{"loc":{"start":{"line":98,"column":2},"end":{"line":100,"column":3}},"type":"if","locations":[{"start":{"line":98,"column":2},"end":{"line":100,"column":3}},{"start":{},"end":{}}],"line":98},"6":{"loc":{"start":{"line":106,"column":9},"end":{"line":106,"column":63}},"type":"cond-expr","locations":[{"start":{"line":106,"column":38},"end":{"line":106,"column":48}},{"start":{"line":106,"column":51},"end":{"line":106,"column":63}}],"line":106}},"s":{"0":5,"1":73,"2":73,"3":73,"4":33,"5":33,"6":33,"7":31,"8":0,"9":31,"10":6,"11":6,"12":25,"13":2,"14":25,"15":25,"16":33,"17":33,"18":73,"19":12,"20":6,"21":6,"22":6,"23":73,"24":3,"25":3,"26":3,"27":3,"28":3,"29":3,"30":3,"31":73,"32":73,"33":73,"34":108,"35":108,"36":0,"37":108,"38":6},"f":{"0":73,"1":33,"2":33,"3":33,"4":12,"5":3,"6":73,"7":108,"8":6},"b":{"0":[57],"1":[0,31],"2":[6,25],"3":[2,23],"4":[3,0],"5":[0,108],"6":[6,0]},"_coverageSchema":"1a1c01bbd47fc00a2c39e90264f33305004495a9","hash":"62f88a4d61312d9e848301c58b27fcfc281da498"}
,"C:\\Users\\Caua Mesquita\\Desktop\\fieldops-project\\mobile\\src\\features\\auth\\session-store.ts": {"path":"C:\\Users\\Caua Mesquita\\Desktop\\fieldops-project\\mobile\\src\\features\\auth\\session-store.ts","statementMap":{"0":{"start":{"line":6,"column":20},"end":{"line":6,"column":38}},"1":{"start":{"line":13,"column":20},"end":{"line":13,"column":45}},"2":{"start":{"line":14,"column":23},"end":{"line":14,"column":44}},"3":{"start":{"line":17,"column":2},"end":{"line":17,"column":59}},"4":{"start":{"line":17,"column":23},"end":{"line":17,"column":59}},"5":{"start":{"line":18,"column":2},"end":{"line":18,"column":39}},"6":{"start":{"line":22,"column":2},"end":{"line":25,"column":3}},"7":{"start":{"line":23,"column":4},"end":{"line":23,"column":32}},"8":{"start":{"line":24,"column":4},"end":{"line":24,"column":11}},"9":{"start":{"line":26,"column":2},"end":{"line":26,"column":45}},"10":{"start":{"line":30,"column":2},"end":{"line":33,"column":3}},"11":{"start":{"line":31,"column":4},"end":{"line":31,"column":28}},"12":{"start":{"line":32,"column":4},"end":{"line":32,"column":11}},"13":{"start":{"line":34,"column":2},"end":{"line":34,"column":41}},"14":{"start":{"line":39,"column":2},"end":{"line":53,"column":3}},"15":{"start":{"line":40,"column":19},"end":{"line":40,"column":54}},"16":{"start":{"line":41,"column":4},"end":{"line":50,"column":5}},"17":{"start":{"line":49,"column":6},"end":{"line":49,"column":31}},"18":{"start":{"line":54,"column":2},"end":{"line":54,"column":14}},"19":{"start":{"line":57,"column":28},"end":{"line":78,"column":1}},"20":{"start":{"line":59,"column":16},"end":{"line":59,"column":42}},"21":{"start":{"line":60,"column":4},"end":{"line":60,"column":26}},"22":{"start":{"line":60,"column":14},"end":{"line":60,"column":26}},"23":{"start":{"line":62,"column":20},"end":{"line":62,"column":37}},"24":{"start":{"line":63,"column":4},"end":{"line":66,"column":5}},"25":{"start":{"line":64,"column":6},"end":{"line":64,"column":35}},"26":{"start":{"line":65,"column":6},"end":{"line":65,"column":18}},"27":{"start":{"line":67,"column":4},"end":{"line":67,"column":19}},"28":{"start":{"line":71,"column":4},"end":{"line":71,"column":57}},"29":{"start":{"line":76,"column":4},"end":{"line":76,"column":33}}},"fnMap":{"0":{"name":"readRaw","decl":{"start":{"line":16,"column":15},"end":{"line":16,"column":22}},"loc":{"start":{"line":16,"column":60},"end":{"line":19,"column":1}},"line":16},"1":{"name":"writeRaw","decl":{"start":{"line":21,"column":15},"end":{"line":21,"column":23}},"loc":{"start":{"line":21,"column":67},"end":{"line":27,"column":1}},"line":21},"2":{"name":"removeRaw","decl":{"start":{"line":29,"column":15},"end":{"line":29,"column":24}},"loc":{"start":{"line":29,"column":53},"end":{"line":35,"column":1}},"line":29},"3":{"name":"parseSession","decl":{"start":{"line":38,"column":9},"end":{"line":38,"column":21}},"loc":{"start":{"line":38,"column":51},"end":{"line":55,"column":1}},"line":38},"4":{"name":"(anonymous_4)","decl":{"start":{"line":58,"column":2},"end":{"line":58,"column":3}},"loc":{"start":{"line":58,"column":40},"end":{"line":68,"column":3}},"line":58},"5":{"name":"(anonymous_5)","decl":{"start":{"line":70,"column":2},"end":{"line":70,"column":3}},"loc":{"start":{"line":70,"column":46},"end":{"line":72,"column":3}},"line":70},"6":{"name":"(anonymous_6)","decl":{"start":{"line":75,"column":2},"end":{"line":75,"column":3}},"loc":{"start":{"line":75,"column":31},"end":{"line":77,"column":3}},"line":75}},"branchMap":{"0":{"loc":{"start":{"line":17,"column":2},"end":{"line":17,"column":59}},"type":"if","locations":[{"start":{"line":17,"column":2},"end":{"line":17,"column":59}},{"start":{},"end":{}}],"line":17},"1":{"loc":{"start":{"line":17,"column":30},"end":{"line":17,"column":58}},"type":"binary-expr","locations":[{"start":{"line":17,"column":30},"end":{"line":17,"column":50}},{"start":{"line":17,"column":54},"end":{"line":17,"column":58}}],"line":17},"2":{"loc":{"start":{"line":22,"column":2},"end":{"line":25,"column":3}},"type":"if","locations":[{"start":{"line":22,"column":2},"end":{"line":25,"column":3}},{"start":{},"end":{}}],"line":22},"3":{"loc":{"start":{"line":30,"column":2},"end":{"line":33,"column":3}},"type":"if","locations":[{"start":{"line":30,"column":2},"end":{"line":33,"column":3}},{"start":{},"end":{}}],"line":30},"4":{"loc":{"start":{"line":41,"column":4},"end":{"line":50,"column":5}},"type":"if","locations":[{"start":{"line":41,"column":4},"end":{"line":50,"column":5}},{"start":{},"end":{}}],"line":41},"5":{"loc":{"start":{"line":42,"column":6},"end":{"line":47,"column":43}},"type":"binary-expr","locations":[{"start":{"line":42,"column":6},"end":{"line":42,"column":45}},{"start":{"line":43,"column":6},"end":{"line":43,"column":46}},{"start":{"line":44,"column":6},"end":{"line":44,"column":43}},{"start":{"line":45,"column":6},"end":{"line":45,"column":17}},{"start":{"line":46,"column":6},"end":{"line":46,"column":40}},{"start":{"line":47,"column":6},"end":{"line":47,"column":43}}],"line":42},"6":{"loc":{"start":{"line":60,"column":4},"end":{"line":60,"column":26}},"type":"if","locations":[{"start":{"line":60,"column":4},"end":{"line":60,"column":26}},{"start":{},"end":{}}],"line":60},"7":{"loc":{"start":{"line":63,"column":4},"end":{"line":66,"column":5}},"type":"if","locations":[{"start":{"line":63,"column":4},"end":{"line":66,"column":5}},{"start":{},"end":{}}],"line":63}},"s":{"0":5,"1":5,"2":5,"3":33,"4":0,"5":33,"6":6,"7":0,"8":0,"9":6,"10":6,"11":0,"12":0,"13":6,"14":9,"15":9,"16":8,"17":8,"18":1,"19":5,"20":33,"21":31,"22":22,"23":9,"24":9,"25":1,"26":1,"27":8,"28":6,"29":5},"f":{"0":33,"1":6,"2":6,"3":9,"4":33,"5":6,"6":5},"b":{"0":[0,33],"1":[0,0],"2":[0,6],"3":[0,6],"4":[8,0],"5":[8,8,8,8,8,8],"6":[22,9],"7":[1,8]},"_coverageSchema":"1a1c01bbd47fc00a2c39e90264f33305004495a9","hash":"9656f46e40f1824ff04b8bce7a20991a29060b5e"}
,"C:\\Users\\Caua Mesquita\\Desktop\\fieldops-project\\mobile\\src\\features\\onboarding\\HighlightCard.tsx": {"path":"C:\\Users\\Caua Mesquita\\Desktop\\fieldops-project\\mobile\\src\\features\\onboarding\\HighlightCard.tsx","statementMap":{"0":{"start":{"line":7,"column":2},"end":{"line":21,"column":4}},"1":{"start":{"line":24,"column":15},"end":{"line":45,"column":2}}},"fnMap":{"0":{"name":"HighlightCard","decl":{"start":{"line":6,"column":16},"end":{"line":6,"column":29}},"loc":{"start":{"line":6,"column":71},"end":{"line":22,"column":1}},"line":6}},"branchMap":{},"s":{"0":12,"1":1},"f":{"0":12},"b":{},"_coverageSchema":"1a1c01bbd47fc00a2c39e90264f33305004495a9","hash":"1b2f3ad1640c47bc36ae2a564cf9d5e2180331ae"}
,"C:\\Users\\Caua Mesquita\\Desktop\\fieldops-project\\mobile\\src\\features\\onboarding\\highlights.ts": {"path":"C:\\Users\\Caua Mesquita\\Desktop\\fieldops-project\\mobile\\src\\features\\onboarding\\highlights.ts","statementMap":{"0":{"start":{"line":15,"column":48},"end":{"line":40,"column":1}}},"fnMap":{},"branchMap":{},"s":{"0":1},"f":{},"b":{},"_coverageSchema":"1a1c01bbd47fc00a2c39e90264f33305004495a9","hash":"7f0869193b22dea91166645d8aaf568eb75bfa41"}
,"C:\\Users\\Caua Mesquita\\Desktop\\fieldops-project\\mobile\\src\\test-utils\\expo-router-mock.tsx": {"path":"C:\\Users\\Caua Mesquita\\Desktop\\fieldops-project\\mobile\\src\\test-utils\\expo-router-mock.tsx","statementMap":{"0":{"start":{"line":12,"column":26},"end":{"line":20,"column":1}},"1":{"start":{"line":18,"column":27},"end":{"line":18,"column":32}},"2":{"start":{"line":23,"column":2},"end":{"line":23,"column":60}},"3":{"start":{"line":23,"column":44},"end":{"line":23,"column":58}},"4":{"start":{"line":24,"column":2},"end":{"line":24,"column":46}},"5":{"start":{"line":27,"column":22},"end":{"line":27,"column":32}},"6":{"start":{"line":30,"column":2},"end":{"line":30,"column":20}},"7":{"start":{"line":34,"column":2},"end":{"line":34,"column":12}},"8":{"start":{"line":38,"column":2},"end":{"line":38,"column":12}},"9":{"start":{"line":42,"column":2},"end":{"line":42,"column":13}},"10":{"start":{"line":49,"column":2},"end":{"line":53,"column":4}},"11":{"start":{"line":57,"column":2},"end":{"line":57,"column":48}},"12":{"start":{"line":60,"column":0},"end":{"line":62,"column":2}},"13":{"start":{"line":61,"column":2},"end":{"line":61,"column":14}},"14":{"start":{"line":65,"column":2},"end":{"line":65,"column":66}}},"fnMap":{"0":{"name":"(anonymous_0)","decl":{"start":{"line":18,"column":21},"end":{"line":18,"column":22}},"loc":{"start":{"line":18,"column":27},"end":{"line":18,"column":32}},"line":18},"1":{"name":"resetRouterMock","decl":{"start":{"line":22,"column":16},"end":{"line":22,"column":31}},"loc":{"start":{"line":22,"column":34},"end":{"line":25,"column":1}},"line":22},"2":{"name":"(anonymous_2)","decl":{"start":{"line":23,"column":36},"end":{"line":23,"column":37}},"loc":{"start":{"line":23,"column":44},"end":{"line":23,"column":58}},"line":23},"3":{"name":"useRouter","decl":{"start":{"line":29,"column":16},"end":{"line":29,"column":25}},"loc":{"start":{"line":29,"column":28},"end":{"line":31,"column":1}},"line":29},"4":{"name":"useLocalSearchParams","decl":{"start":{"line":33,"column":16},"end":{"line":33,"column":36}},"loc":{"start":{"line":33,"column":39},"end":{"line":35,"column":1}},"line":33},"5":{"name":"useSegments","decl":{"start":{"line":37,"column":16},"end":{"line":37,"column":27}},"loc":{"start":{"line":37,"column":30},"end":{"line":39,"column":1}},"line":37},"6":{"name":"usePathname","decl":{"start":{"line":41,"column":16},"end":{"line":41,"column":27}},"loc":{"start":{"line":41,"column":30},"end":{"line":43,"column":1}},"line":41},"7":{"name":"useFocusEffect","decl":{"start":{"line":45,"column":16},"end":{"line":45,"column":30}},"loc":{"start":{"line":45,"column":33},"end":{"line":45,"column":35}},"line":45},"8":{"name":"Redirect","decl":{"start":{"line":48,"column":16},"end":{"line":48,"column":24}},"loc":{"start":{"line":48,"column":53},"end":{"line":54,"column":1}},"line":48},"9":{"name":"Stack","decl":{"start":{"line":56,"column":16},"end":{"line":56,"column":21}},"loc":{"start":{"line":56,"column":62},"end":{"line":58,"column":1}},"line":56},"10":{"name":"StackScreen","decl":{"start":{"line":60,"column":24},"end":{"line":60,"column":35}},"loc":{"start":{"line":60,"column":38},"end":{"line":62,"column":1}},"line":60},"11":{"name":"Link","decl":{"start":{"line":64,"column":16},"end":{"line":64,"column":20}},"loc":{"start":{"line":64,"column":81},"end":{"line":66,"column":1}},"line":64}},"branchMap":{"0":{"loc":{"start":{"line":65,"column":41},"end":{"line":65,"column":57}},"type":"binary-expr","locations":[{"start":{"line":65,"column":41},"end":{"line":65,"column":49}},{"start":{"line":65,"column":53},"end":{"line":65,"column":57}}],"line":65}},"s":{"0":4,"1":0,"2":19,"3":133,"4":19,"5":4,"6":69,"7":0,"8":0,"9":0,"10":7,"11":1,"12":4,"13":0,"14":0},"f":{"0":0,"1":19,"2":133,"3":69,"4":0,"5":0,"6":0,"7":0,"8":7,"9":1,"10":0,"11":0},"b":{"0":[0,0]},"_coverageSchema":"1a1c01bbd47fc00a2c39e90264f33305004495a9","hash":"47d1fe2658869b7ed2b6f0407a6277411e20cebc"}
,"C:\\Users\\Caua Mesquita\\Desktop\\fieldops-project\\mobile\\src\\test-utils\\render.tsx": {"path":"C:\\Users\\Caua Mesquita\\Desktop\\fieldops-project\\mobile\\src\\test-utils\\render.tsx","statementMap":{"0":{"start":{"line":11,"column":25},"end":{"line":14,"column":1}},"1":{"start":{"line":16,"column":27},"end":{"line":16,"column":45}},"2":{"start":{"line":19,"column":2},"end":{"line":30,"column":4}},"3":{"start":{"line":35,"column":2},"end":{"line":35,"column":71}},"4":{"start":{"line":36,"column":2},"end":{"line":36,"column":17}},"5":{"start":{"line":48,"column":2},"end":{"line":55,"column":5}},"6":{"start":{"line":50,"column":6},"end":{"line":52,"column":25}}},"fnMap":{"0":{"name":"buildSession","decl":{"start":{"line":18,"column":16},"end":{"line":18,"column":28}},"loc":{"start":{"line":18,"column":72},"end":{"line":31,"column":1}},"line":18},"1":{"name":"seedStoredSession","decl":{"start":{"line":34,"column":22},"end":{"line":34,"column":39}},"loc":{"start":{"line":34,"column":93},"end":{"line":37,"column":1}},"line":34},"2":{"name":"renderWithSession","decl":{"start":{"line":44,"column":16},"end":{"line":44,"column":33}},"loc":{"start":{"line":47,"column":2},"end":{"line":56,"column":1}},"line":47},"3":{"name":"(anonymous_3)","decl":{"start":{"line":49,"column":13},"end":{"line":49,"column":14}},"loc":{"start":{"line":50,"column":6},"end":{"line":52,"column":25}},"line":50}},"branchMap":{"0":{"loc":{"start":{"line":18,"column":29},"end":{"line":18,"column":61}},"type":"default-arg","locations":[{"start":{"line":18,"column":59},"end":{"line":18,"column":61}}],"line":18},"1":{"loc":{"start":{"line":34,"column":40},"end":{"line":34,"column":73}},"type":"default-arg","locations":[{"start":{"line":34,"column":59},"end":{"line":34,"column":73}}],"line":34},"2":{"loc":{"start":{"line":46,"column":2},"end":{"line":46,"column":60}},"type":"default-arg","locations":[{"start":{"line":46,"column":58},"end":{"line":46,"column":60}}],"line":46}},"s":{"0":4,"1":4,"2":7,"3":6,"4":6,"5":24,"6":24},"f":{"0":7,"1":6,"2":24,"3":24},"b":{"0":[6],"1":[4],"2":[23]},"_coverageSchema":"1a1c01bbd47fc00a2c39e90264f33305004495a9","hash":"357fc6646fde4cfd7ea5d64979ce6235679795a8"}
}
