TN:
SF:app\+not-found.tsx
FN:6,NotFoundScreen
FN:14,(anonymous_1)
FNF:2
FNH:0
FNDA:0,NotFoundScreen
FNDA:0,(anonymous_1)
DA:7,0
DA:9,0
DA:14,0
DA:20,0
LF:4
LH:0
BRF:0
BRH:0
end_of_record
TN:
SF:app\_layout.tsx
FN:19,(anonymous_0)
FN:23,RootLayout
FN:37,(anonymous_2)
FN:38,(anonymous_3)
FN:41,(anonymous_4)
FNF:5
FNH:0
FNDA:0,(anonymous_0)
FNDA:0,RootLayout
FNDA:0,(anonymous_2)
FNDA:0,(anonymous_3)
FNDA:0,(anonymous_4)
DA:19,0
DA:24,0
DA:35,0
DA:37,0
DA:38,0
DA:41,0
DA:42,0
DA:45,0
DA:46,0
DA:49,0
LF:10
LH:0
BRDA:35,0,0,0
BRDA:35,0,1,0
BRDA:42,1,0,0
BRDA:42,1,1,0
BRDA:45,2,0,0
BRDA:45,2,1,0
BRF:6
BRH:0
end_of_record
TN:
SF:app\(protected)\_layout.tsx
FN:12,ProtectedLayout
FNF:1
FNH:1
FNDA:9,ProtectedLayout
DA:13,9
DA:15,9
DA:16,5
DA:23,4
DA:24,2
DA:28,2
DA:29,1
DA:32,1
LF:8
LH:8
BRDA:15,0,0,5
BRDA:15,0,1,4
BRDA:23,1,0,2
BRDA:23,1,1,2
BRDA:23,2,0,4
BRDA:23,2,1,2
BRDA:28,3,0,1
BRDA:28,3,1,1
BRF:8
BRH:8
end_of_record
TN:
SF:app\(protected)\inicio.tsx
FN:19,InicioScreen
FN:52,(anonymous_1)
FNF:2
FNH:2
FNDA:7,InicioScreen
FNDA:1,(anonymous_1)
DA:8,1
DA:20,7
DA:21,7
DA:23,7
DA:25,2
DA:27,2
DA:53,1
DA:54,1
DA:62,1
LF:9
LH:9
BRDA:23,0,0,5
BRDA:23,0,1,2
BRDA:33,1,0,2
BRDA:33,1,1,0
BRF:4
BRH:3
end_of_record
TN:
SF:app\(public)\index.tsx
FN:9,LandingScreen
FN:48,(anonymous_1)
FN:58,(anonymous_2)
FNF:3
FNH:3
FNDA:8,LandingScreen
FNDA:12,(anonymous_1)
FNDA:1,(anonymous_2)
DA:10,8
DA:11,8
DA:15,8
DA:16,4
DA:23,4
DA:24,1
DA:27,3
DA:49,12
DA:58,1
DA:68,1
LF:10
LH:10
BRDA:15,0,0,4
BRDA:15,0,1,4
BRDA:23,1,0,1
BRDA:23,1,1,3
BRF:4
BRH:4
end_of_record
TN:
SF:app\(public)\login.tsx
FN:24,LoginScreen
FN:38,handleSubmit
FN:89,(anonymous_2)
FN:91,(anonymous_3)
FN:108,(anonymous_4)
FN:110,(anonymous_5)
FN:138,(anonymous_6)
FNF:7
FNH:5
FNDA:61,LoginScreen
FNDA:11,handleSubmit
FNDA:9,(anonymous_2)
FNDA:1,(anonymous_3)
FNDA:9,(anonymous_4)
FNDA:0,(anonymous_5)
FNDA:0,(anonymous_6)
DA:25,61
DA:26,61
DA:28,61
DA:29,61
DA:30,61
DA:31,61
DA:32,61
DA:34,61
DA:35,3
DA:39,11
DA:41,11
DA:42,11
DA:43,11
DA:44,11
DA:47,11
DA:49,8
DA:50,8
DA:51,8
DA:53,3
DA:55,5
DA:57,8
DA:61,58
DA:90,9
DA:91,9
DA:109,9
DA:110,9
DA:138,0
DA:144,1
LF:28
LH:27
BRDA:34,0,0,3
BRDA:34,0,1,58
BRDA:39,1,0,0
BRDA:39,1,1,11
BRDA:47,2,0,3
BRDA:47,2,1,8
BRDA:75,3,0,6
BRDA:75,3,1,52
BRDA:78,4,0,1
BRDA:78,4,1,5
BRDA:91,5,0,1
BRDA:91,5,1,8
BRDA:110,6,0,0
BRDA:110,6,1,9
BRDA:124,7,0,8
BRDA:124,7,1,50
BRDA:138,8,0,0
BRDA:138,8,1,0
BRF:18
BRH:14
end_of_record
TN:
SF:src\design-system\index.ts
FNF:0
FNH:0
LF:0
LH:0
BRF:0
BRH:0
end_of_record
TN:
SF:src\design-system\tokens.ts
FNF:0
FNH:0
DA:9,5
DA:40,5
DA:46,5
DA:55,5
DA:66,5
DA:75,5
DA:86,5
DA:98,5
DA:112,5
LF:9
LH:9
BRF:0
BRH:0
end_of_record
TN:
SF:src\design-system\components\Brand.tsx
FN:13,HardHat
FN:39,Brand
FN:51,BrandSlashes
FN:54,(anonymous_3)
FNF:4
FNH:4
FNDA:63,HardHat
FNDA:63,Brand
FNDA:3,BrandSlashes
FNDA:12,(anonymous_3)
DA:14,63
DA:40,63
DA:42,63
DA:52,3
DA:55,12
DA:61,4
LF:6
LH:6
BRDA:39,0,0,63
BRDA:40,1,0,0
BRDA:40,1,1,63
BRDA:45,2,0,63
BRDA:45,2,1,0
BRF:5
BRH:3
end_of_record
TN:
SF:src\design-system\components\Button.tsx
FN:20,Button
FN:42,(anonymous_1)
FNF:2
FNH:2
FNDA:125,Button
FNDA:125,(anonymous_1)
DA:32,125
DA:34,125
DA:42,125
DA:63,5
DA:89,5
DA:106,5
LF:6
LH:6
BRDA:23,0,0,65
BRDA:24,1,0,64
BRDA:25,2,0,124
BRDA:32,3,0,125
BRDA:32,3,1,124
BRDA:45,4,0,125
BRDA:45,4,1,0
BRDA:45,4,2,0
BRDA:46,5,0,125
BRDA:46,5,1,10
BRDA:50,6,0,9
BRDA:50,6,1,116
BRDA:52,7,0,9
BRDA:52,7,1,0
BRDA:54,8,0,9
BRDA:54,8,1,0
BRF:16
BRH:12
end_of_record
TN:
SF:src\design-system\components\Feedback.tsx
FN:18,Feedback
FNF:1
FNH:1
FNDA:12,Feedback
DA:19,12
DA:36,5
DA:43,5
DA:62,5
DA:69,5
LF:5
LH:5
BRF:0
BRH:0
end_of_record
TN:
SF:src\design-system\components\Field.tsx
FN:16,Field
FN:38,(anonymous_1)
FN:42,(anonymous_2)
FN:55,(anonymous_3)
FN:55,(anonymous_4)
FNF:5
FNH:3
FNDA:122,Field
FNDA:0,(anonymous_1)
FNDA:0,(anonymous_2)
FNDA:3,(anonymous_3)
FNDA:3,(anonymous_4)
DA:17,122
DA:18,122
DA:20,122
DA:22,122
DA:39,0
DA:40,0
DA:43,0
DA:44,0
DA:55,3
DA:73,5
LF:10
LH:6
BRDA:16,0,0,60
BRDA:20,1,0,122
BRDA:20,1,1,0
BRDA:28,2,0,122
BRDA:28,2,1,0
BRDA:28,3,0,122
BRDA:28,3,1,8
BRDA:35,4,0,122
BRDA:35,4,1,114
BRDA:36,5,0,122
BRDA:36,5,1,62
BRDA:49,6,0,62
BRDA:49,6,1,60
BRDA:51,7,0,62
BRDA:51,7,1,0
BRDA:53,8,0,2
BRDA:53,8,1,60
BRDA:58,9,0,2
BRDA:58,9,1,60
BRDA:64,10,0,8
BRDA:64,10,1,114
BRF:21
BRH:18
end_of_record
TN:
SF:src\design-system\components\Icon.tsx
FN:40,Icon
FN:43,(anonymous_1)
FNF:2
FNH:2
FNDA:12,Icon
FNDA:42,(anonymous_1)
DA:9,4
DA:41,12
DA:44,42
LF:3
LH:3
BRDA:40,0,0,0
BRDA:40,1,0,12
BRDA:53,2,0,3
BRDA:53,2,1,9
BRF:4
BRH:3
end_of_record
TN:
SF:src\design-system\components\Panel.tsx
FN:15,Panel
FNF:1
FNH:1
FNDA:72,Panel
DA:16,72
DA:17,60
DA:29,12
DA:36,4
LF:4
LH:4
BRDA:15,0,0,12
BRDA:16,1,0,60
BRDA:16,1,1,12
BRF:3
BRH:3
end_of_record
TN:
SF:src\design-system\components\Screen.tsx
FN:24,Screen
FNF:1
FNH:1
FNDA:72,Screen
DA:25,72
DA:27,72
DA:33,72
DA:48,72
DA:57,4
LF:5
LH:5
BRDA:24,0,0,63
BRDA:24,1,0,5
BRDA:33,2,0,63
BRDA:33,2,1,9
BRDA:37,3,0,63
BRDA:37,3,1,58
BRDA:43,4,0,9
BRDA:43,4,1,9
BRDA:51,5,0,72
BRDA:51,5,1,0
BRF:10
BRH:9
end_of_record
TN:
SF:src\design-system\components\Text.tsx
FN:13,Text
FNF:1
FNH:1
FNDA:622,Text
DA:14,622
DA:17,5
DA:51,5
LF:3
LH:3
BRDA:13,0,0,193
BRDA:13,1,0,411
BRF:2
BRH:2
end_of_record
TN:
SF:src\domain\auth.ts
FN:46,(anonymous_0)
FN:70,normalizeEmail
FN:74,validateCredentials
FN:93,hasCredentialErrors
FN:98,isSessionValid
FN:106,canUseFieldApp
FN:110,firstName
FNF:7
FNH:7
FNDA:10,(anonymous_0)
FNDA:31,normalizeEmail
FNDA:19,validateCredentials
FNDA:13,hasCredentialErrors
FNDA:34,isSessionValid
FNDA:6,canUseFieldApp
FNDA:3,firstName
DA:7,7
DA:47,10
DA:48,10
DA:49,10
DA:57,7
DA:65,7
DA:68,7
DA:71,31
DA:75,19
DA:77,19
DA:78,19
DA:79,3
DA:80,16
DA:81,5
DA:84,19
DA:85,3
DA:86,16
DA:87,2
DA:90,19
DA:94,13
DA:99,34
DA:100,10
DA:104,7
DA:107,6
DA:111,3
LF:25
LH:25
BRDA:78,0,0,3
BRDA:78,0,1,16
BRDA:80,1,0,5
BRDA:80,1,1,11
BRDA:84,2,0,3
BRDA:84,2,1,16
BRDA:86,3,0,2
BRDA:86,3,1,14
BRDA:94,4,0,13
BRDA:94,4,1,9
BRDA:98,5,0,32
BRDA:99,6,0,24
BRDA:99,6,1,10
BRDA:111,7,0,3
BRDA:111,7,1,0
BRF:15
BRH:14
end_of_record
TN:
SF:src\features\auth\auth-service.ts
FN:65,configureMockAuth
FN:70,delay
FN:71,(anonymous_2)
FN:74,issueToken
FN:79,(anonymous_4)
FN:87,(anonymous_5)
FN:113,(anonymous_6)
FNF:7
FNH:7
FNDA:19,configureMockAuth
FNDA:14,delay
FNDA:14,(anonymous_2)
FNDA:8,issueToken
FNDA:13,(anonymous_4)
FNDA:19,(anonymous_5)
FNDA:1,(anonymous_6)
DA:30,6
DA:58,6
DA:61,6
DA:62,6
DA:66,19
DA:67,19
DA:71,14
DA:75,8
DA:78,6
DA:80,13
DA:82,13
DA:83,2
DA:86,11
DA:87,19
DA:91,11
DA:92,5
DA:96,6
DA:97,2
DA:100,4
DA:114,1
LF:20
LH:20
BRDA:66,0,0,17
BRDA:66,0,1,2
BRDA:67,1,0,19
BRDA:67,1,1,0
BRDA:82,2,0,2
BRDA:82,2,1,11
BRDA:91,3,0,5
BRDA:91,3,1,6
BRDA:91,4,0,11
BRDA:91,4,1,9
BRDA:96,5,0,2
BRDA:96,5,1,4
BRF:12
BRH:11
end_of_record
TN:
SF:src\features\auth\session-context.tsx
FN:34,SessionProvider
FN:38,(anonymous_1)
FN:41,(anonymous_2)
FN:57,(anonymous_3)
FN:63,(anonymous_4)
FN:72,(anonymous_5)
FN:89,(anonymous_6)
FN:96,useSession
FN:105,toAuthFailureCode
FNF:9
FNH:9
FNDA:73,SessionProvider
FNDA:33,(anonymous_1)
FNDA:33,(anonymous_2)
FNDA:33,(anonymous_3)
FNDA:12,(anonymous_4)
FNDA:3,(anonymous_5)
FNDA:73,(anonymous_6)
FNDA:108,useSession
FNDA:6,toAuthFailureCode
DA:26,5
DA:35,73
DA:36,73
DA:38,73
DA:39,33
DA:41,33
DA:42,33
DA:43,31
DA:47,31
DA:48,6
DA:49,6
DA:51,25
DA:52,25
DA:53,25
DA:57,33
DA:58,33
DA:62,73
DA:64,12
DA:65,6
DA:66,6
DA:67,6
DA:72,73
DA:73,3
DA:74,3
DA:75,3
DA:76,3
DA:78,3
DA:80,3
DA:81,3
DA:88,73
DA:89,73
DA:93,73
DA:97,108
DA:98,108
DA:99,0
DA:101,108
DA:106,6
LF:37
LH:36
BRDA:34,0,0,57
BRDA:43,1,0,0
BRDA:43,1,1,31
BRDA:47,2,0,6
BRDA:47,2,1,25
BRDA:51,3,0,2
BRDA:51,3,1,23
BRDA:78,4,0,3
BRDA:78,4,1,0
BRDA:98,5,0,0
BRDA:98,5,1,108
BRDA:106,6,0,6
BRDA:106,6,1,0
BRF:13
BRH:9
end_of_record
TN:
SF:src\features\auth\session-store.ts
FN:16,readRaw
FN:21,writeRaw
FN:29,removeRaw
FN:38,parseSession
FN:58,(anonymous_4)
FN:70,(anonymous_5)
FN:75,(anonymous_6)
FNF:7
FNH:7
FNDA:33,readRaw
FNDA:6,writeRaw
FNDA:6,removeRaw
FNDA:9,parseSession
FNDA:33,(anonymous_4)
FNDA:6,(anonymous_5)
FNDA:5,(anonymous_6)
DA:6,5
DA:13,5
DA:14,5
DA:17,33
DA:18,33
DA:22,6
DA:23,0
DA:24,0
DA:26,6
DA:30,6
DA:31,0
DA:32,0
DA:34,6
DA:39,9
DA:40,9
DA:41,8
DA:49,8
DA:54,1
DA:57,5
DA:59,33
DA:60,31
DA:62,9
DA:63,9
DA:64,1
DA:65,1
DA:67,8
DA:71,6
DA:76,5
LF:28
LH:24
BRDA:17,0,0,0
BRDA:17,0,1,33
BRDA:17,1,0,0
BRDA:17,1,1,0
BRDA:22,2,0,0
BRDA:22,2,1,6
BRDA:30,3,0,0
BRDA:30,3,1,6
BRDA:41,4,0,8
BRDA:41,4,1,0
BRDA:42,5,0,8
BRDA:42,5,1,8
BRDA:42,5,2,8
BRDA:42,5,3,8
BRDA:42,5,4,8
BRDA:42,5,5,8
BRDA:60,6,0,22
BRDA:60,6,1,9
BRDA:63,7,0,1
BRDA:63,7,1,8
BRF:20
BRH:14
end_of_record
TN:
SF:src\features\onboarding\HighlightCard.tsx
FN:6,HighlightCard
FNF:1
FNH:1
FNDA:12,HighlightCard
DA:7,12
DA:24,1
LF:2
LH:2
BRF:0
BRH:0
end_of_record
TN:
SF:src\features\onboarding\highlights.ts
FNF:0
FNH:0
DA:15,1
LF:1
LH:1
BRF:0
BRH:0
end_of_record
TN:
SF:src\test-utils\expo-router-mock.tsx
FN:18,(anonymous_0)
FN:22,resetRouterMock
FN:23,(anonymous_2)
FN:29,useRouter
FN:33,useLocalSearchParams
FN:37,useSegments
FN:41,usePathname
FN:45,useFocusEffect
FN:48,Redirect
FN:56,Stack
FN:60,StackScreen
FN:64,Link
FNF:12
FNH:5
FNDA:0,(anonymous_0)
FNDA:19,resetRouterMock
FNDA:133,(anonymous_2)
FNDA:69,useRouter
FNDA:0,useLocalSearchParams
FNDA:0,useSegments
FNDA:0,usePathname
FNDA:0,useFocusEffect
FNDA:7,Redirect
FNDA:1,Stack
FNDA:0,StackScreen
FNDA:0,Link
DA:12,4
DA:18,0
DA:23,133
DA:24,19
DA:27,4
DA:30,69
DA:34,0
DA:38,0
DA:42,0
DA:49,7
DA:57,1
DA:60,4
DA:61,0
DA:65,0
LF:14
LH:8
BRDA:65,0,0,0
BRDA:65,0,1,0
BRF:2
BRH:0
end_of_record
TN:
SF:src\test-utils\render.tsx
FN:18,buildSession
FN:34,seedStoredSession
FN:44,renderWithSession
FN:49,(anonymous_3)
FNF:4
FNH:4
FNDA:7,buildSession
FNDA:6,seedStoredSession
FNDA:24,renderWithSession
FNDA:24,(anonymous_3)
DA:11,4
DA:16,4
DA:19,7
DA:35,6
DA:36,6
DA:48,24
DA:50,24
LF:7
LH:7
BRDA:18,0,0,6
BRDA:34,1,0,4
BRDA:46,2,0,23
BRF:3
BRH:3
end_of_record
